2023-11-01 16:02:56,998 [INFO] Activator:176 - 


2023-11-01 16:02:57,012 [INFO] Activator:177 - !SESSION log4j initialized
2023-11-01 16:03:12,280 [INFO] LogOutputStream:77 - [STDOUT_REDIRECT] 
2023-11-01 16:03:15,565 [INFO] ApplicationProperties:184 - Using Application install path: C:\ST\STM32CubeIDE_1.13.2\STM32CubeIDE\plugins\com.st.stm32cube.common.mx_6.9.2.202309101412
2023-11-01 16:03:15,621 [INFO] DbMcusXml:78 - Set database path to: C:\ST\STM32CubeIDE_1.13.2\STM32CubeIDE\plugins\com.st.stm32cube.common.mx_6.9.2.202309101412\\db\/mcu/
2023-11-01 16:03:15,624 [INFO] ApiDb:274 - Set plugin database path to: C:\ST\STM32CubeIDE_1.13.2\STM32CubeIDE\plugins\com.st.stm32cube.common.mx_6.9.2.202309101412\\db\/plugins/boardmanager/
2023-11-01 16:03:15,625 [WARN] ApiDb:259 - Overriding images path with different value:  => C:\ST\STM32CubeIDE_1.13.2\STM32CubeIDE\plugins\com.st.stm32cube.common.mx_6.9.2.202309101412\\db\/plugins/mcufinder/images/
2023-11-01 16:03:15,664 [INFO] ApiDb:250 - Set database path to: C:\Users\JMS\.stmcufinder\plugins\mcufinder//mcu/
2023-11-01 16:03:15,667 [INFO] DbMcusAds:125 - Set database path to: C:\Users\JMS\.stmcufinder\plugins\mcufinder//mcu/
2023-11-01 16:03:15,678 [INFO] CrossReferenceDbSqlite:203 - Set database path to: C:\Users\JMS\.stmcufinder\plugins\mcufinder//mcu/cs/
2023-11-01 16:03:16,087 [INFO] RulesReader:64 - Compatibility file has been processed (293 Rules)
2023-11-01 16:03:16,329 [INFO] DbMcusXml:78 - Set database path to: C:\ST\STM32CubeIDE_1.13.2\STM32CubeIDE\plugins\com.st.stm32cube.common.mx_6.9.2.202309101412\\db\/mcu/
2023-11-01 16:03:16,329 [INFO] ApiDb:274 - Set plugin database path to: C:\ST\STM32CubeIDE_1.13.2\STM32CubeIDE\plugins\com.st.stm32cube.common.mx_6.9.2.202309101412\\db\/plugins/boardmanager/
2023-11-01 16:03:16,330 [INFO] ApiDb:261 - Set plugin images path to: C:\ST\STM32CubeIDE_1.13.2\STM32CubeIDE\plugins\com.st.stm32cube.common.mx_6.9.2.202309101412\\db\/plugins/mcufinder/images/
2023-11-01 16:03:16,331 [WARN] DbFile:41 - Overriding database path with different value: C:\Users\JMS\.stmcufinder\plugins\mcufinder/ => C:\Users\JMS\.stmcufinder\plugins\mcufinder
2023-11-01 16:03:16,331 [INFO] ApiDb:250 - Set database path to: C:\Users\JMS\.stmcufinder\plugins\mcufinder//mcu/
2023-11-01 16:03:16,331 [WARN] DbFile:41 - Overriding database path with different value: C:\Users\JMS\.stmcufinder\plugins\mcufinder/ => C:\Users\JMS\.stmcufinder\plugins\mcufinder
2023-11-01 16:03:16,332 [INFO] DbMcusAds:125 - Set database path to: C:\Users\JMS\.stmcufinder\plugins\mcufinder//mcu/
2023-11-01 16:03:16,332 [WARN] DbFile:41 - Overriding database path with different value: C:\Users\JMS\.stmcufinder\plugins\mcufinder/ => C:\Users\JMS\.stmcufinder\plugins\mcufinder
2023-11-01 16:03:16,332 [WARN] DbFile:41 - Overriding database path with different value: C:\Users\JMS\.stmcufinder\plugins\mcufinder/ => C:\Users\JMS\.stmcufinder\plugins\mcufinder
2023-11-01 16:03:16,332 [INFO] CrossReferenceDbSqlite:203 - Set database path to: C:\Users\JMS\.stmcufinder\plugins\mcufinder//mcu/cs/
2023-11-01 16:03:16,556 [INFO] MainPanel:262 - HeapMemory: 268435456
2023-11-01 16:03:16,786 [INFO] DbMcusXml:78 - Set database path to: C:\ST\STM32CubeIDE_1.13.2\STM32CubeIDE\plugins\com.st.stm32cube.common.mx_6.9.2.202309101412\\db\/mcu/
2023-11-01 16:03:16,786 [INFO] ApiDb:274 - Set plugin database path to: C:\ST\STM32CubeIDE_1.13.2\STM32CubeIDE\plugins\com.st.stm32cube.common.mx_6.9.2.202309101412\\db\/plugins/boardmanager/
2023-11-01 16:03:16,786 [INFO] ApiDb:261 - Set plugin images path to: C:\ST\STM32CubeIDE_1.13.2\STM32CubeIDE\plugins\com.st.stm32cube.common.mx_6.9.2.202309101412\\db\/plugins/mcufinder/images/
2023-11-01 16:03:16,788 [WARN] DbFile:41 - Overriding database path with different value: C:\Users\JMS\.stmcufinder\plugins\mcufinder/ => C:\Users\JMS\.stmcufinder\plugins\mcufinder
2023-11-01 16:03:16,788 [INFO] ApiDb:250 - Set database path to: C:\Users\JMS\.stmcufinder\plugins\mcufinder//mcu/
2023-11-01 16:03:16,788 [WARN] DbFile:41 - Overriding database path with different value: C:\Users\JMS\.stmcufinder\plugins\mcufinder/ => C:\Users\JMS\.stmcufinder\plugins\mcufinder
2023-11-01 16:03:16,789 [INFO] DbMcusAds:125 - Set database path to: C:\Users\JMS\.stmcufinder\plugins\mcufinder//mcu/
2023-11-01 16:03:16,789 [WARN] DbFile:41 - Overriding database path with different value: C:\Users\JMS\.stmcufinder\plugins\mcufinder/ => C:\Users\JMS\.stmcufinder\plugins\mcufinder
2023-11-01 16:03:16,789 [WARN] DbFile:41 - Overriding database path with different value: C:\Users\JMS\.stmcufinder\plugins\mcufinder/ => C:\Users\JMS\.stmcufinder\plugins\mcufinder
2023-11-01 16:03:16,789 [INFO] CrossReferenceDbSqlite:203 - Set database path to: C:\Users\JMS\.stmcufinder\plugins\mcufinder//mcu/cs/
2023-11-01 16:03:16,834 [INFO] ApplicationProperties:184 - Using Application install path: C:\ST\STM32CubeIDE_1.13.2\STM32CubeIDE\plugins\com.st.stm32cube.common.mx_6.9.2.202309101412
2023-11-01 16:03:16,838 [INFO] PluginManage:196 - Search for loadable plugins [exclusion list=, ]
2023-11-01 16:03:16,841 [INFO] PluginManage:310 - Check plugin analytics
2023-11-01 16:03:17,286 [INFO] AnalyticsPlugin:253 - Accepted Software Licenses: 
2023-11-01 16:03:17,287 [INFO] AnalyticsPlugin:255 - Accepted CMSIS Pack Licenses: 
2023-11-01 16:03:17,287 [INFO] AnalyticsPlugin:257 - Accepted Firmware Licenses: FW.F4.1.27.0
2023-11-01 16:03:17,292 [INFO] PluginManage:359 - Loaded plugin analytics (category:tool,tabindex:-1)
2023-11-01 16:03:17,294 [INFO] PluginManage:310 - Check plugin cadmodel
2023-11-01 16:03:17,323 [INFO] CADModel:105 - Init CAD model plugin
2023-11-01 16:03:17,323 [INFO] PluginManage:359 - Loaded plugin cadmodel (category:power,tabindex:5)
2023-11-01 16:03:17,324 [INFO] PluginManage:310 - Check plugin clock
2023-11-01 16:03:17,366 [INFO] PluginManage:359 - Loaded plugin clock (category:base,tabindex:2)
2023-11-01 16:03:17,367 [INFO] PluginManage:310 - Check plugin ddr
2023-11-01 16:03:17,373 [INFO] PluginManage:359 - Loaded plugin ddr (category:tool,tabindex:6)
2023-11-01 16:03:17,374 [INFO] PluginManage:310 - Check plugin filemanager
2023-11-01 16:03:17,725 [INFO] PluginManage:359 - Loaded plugin filemanager (category:base,tabindex:10)
2023-11-01 16:03:17,725 [INFO] PluginManage:310 - Check plugin ipmanager
2023-11-01 16:03:17,742 [INFO] PluginManage:359 - Loaded plugin ipmanager (category:base,tabindex:5)
2023-11-01 16:03:17,743 [INFO] PluginManage:310 - Check plugin lpbam
2023-11-01 16:03:17,777 [INFO] PluginManage:359 - Loaded plugin lpbam (category:base,tabindex:0)
2023-11-01 16:03:17,779 [INFO] PluginManage:310 - Check plugin memorymap
2023-11-01 16:03:17,825 [INFO] PluginManage:359 - Loaded plugin memorymap (category:base,tabindex:4)
2023-11-01 16:03:17,826 [INFO] PluginManage:310 - Check plugin pinoutandconfiguration
2023-11-01 16:03:17,864 [INFO] PluginManage:359 - Loaded plugin pinoutandconfiguration (category:base,tabindex:1)
2023-11-01 16:03:17,865 [INFO] PluginManage:310 - Check plugin pinoutconfig
2023-11-01 16:03:18,121 [WARN] SupportedApi:132 - Cannot load RTOS API schema: s4s-elt-must-match.1: The content of 'definitions' must match (annotation?, (simpleType | complexType)?, (unique | key | keyref)*)). A problem was found starting at: attribute.
2023-11-01 16:03:18,471 [INFO] PluginManage:359 - Loaded plugin pinoutconfig (category:base,tabindex:0)
2023-11-01 16:03:18,471 [INFO] PluginManage:310 - Check plugin power
2023-11-01 16:03:18,513 [INFO] PluginManage:359 - Loaded plugin power (category:power,tabindex:4)
2023-11-01 16:03:18,513 [INFO] PluginManage:310 - Check plugin projectmanager
2023-11-01 16:03:18,553 [INFO] PluginManage:359 - Loaded plugin projectmanager (category:projectmanager,tabindex:3)
2023-11-01 16:03:18,553 [INFO] PluginManage:310 - Check plugin thirdparty
2023-11-01 16:03:19,126 [WARN] IntegrityCheckThread:84 - waiting for thirdparty lock release [integrity check]
2023-11-01 16:03:19,127 [INFO] PluginManage:359 - Loaded plugin thirdparty (category:base,tabindex:-1)
2023-11-01 16:03:19,127 [INFO] IntegrityCheckThread:86 - entering critical section [integrity check]
2023-11-01 16:03:19,128 [INFO] PluginManage:310 - Check plugin tools
2023-11-01 16:03:19,128 [INFO] ThirdPartyUpdaterWithRetryManager:70 - Updater plugin not ready yet. [1/15]
2023-11-01 16:03:19,198 [INFO] PluginManage:359 - Loaded plugin tools (category:base,tabindex:7)
2023-11-01 16:03:19,198 [INFO] PluginManage:310 - Check plugin tutovideos
2023-11-01 16:03:19,635 [INFO] PluginManage:359 - Loaded plugin tutovideos (category:base,tabindex:-1)
2023-11-01 16:03:19,636 [INFO] PluginManage:310 - Check plugin updater
2023-11-01 16:03:19,662 [INFO] PluginManage:359 - Loaded plugin updater (category:base,tabindex:12)
2023-11-01 16:03:19,662 [INFO] PluginManage:310 - Check plugin userauth
2023-11-01 16:03:19,675 [INFO] UserAuth:113 - Init User Auth plugin
2023-11-01 16:03:19,675 [INFO] PluginManage:359 - Loaded plugin userauth (category:base,tabindex:14)
2023-11-01 16:03:19,677 [INFO] PluginManage:283 - PluginManage : Loaded plugins [17]
2023-11-01 16:03:20,205 [INFO] PinOutPanel:1499 - setPackage(No Configuration,No Configuration)
2023-11-01 16:03:20,439 [INFO] CADModel:165 - CPN selected for project level
2023-11-01 16:03:20,439 [INFO] CADModel:114 - Register for checkConnection events
2023-11-01 16:03:20,498 [INFO] IPUIPlugin:80 - create IPUIPlugin
2023-11-01 16:03:20,499 [INFO] PluginManager:220 - loadIPPluginJar : add adc
2023-11-01 16:03:20,600 [INFO] IPUIPlugin:80 - create IPUIPlugin
2023-11-01 16:03:20,600 [INFO] PluginManager:220 - loadIPPluginJar : add aes
2023-11-01 16:03:20,685 [INFO] IPUIPlugin:80 - create IPUIPlugin
2023-11-01 16:03:20,685 [INFO] PluginManager:220 - loadIPPluginJar : add can
2023-11-01 16:03:20,724 [INFO] IPUIPlugin:80 - create IPUIPlugin
2023-11-01 16:03:20,724 [INFO] PluginManager:220 - loadIPPluginJar : add comp
2023-11-01 16:03:20,786 [INFO] IPUIPlugin:80 - create IPUIPlugin
2023-11-01 16:03:20,786 [INFO] PluginManager:220 - loadIPPluginJar : add cryp
2023-11-01 16:03:20,842 [INFO] IPUIPlugin:80 - create IPUIPlugin
2023-11-01 16:03:20,842 [INFO] PluginManager:220 - loadIPPluginJar : add dfsdm
2023-11-01 16:03:20,869 [INFO] IPUIPlugin:80 - create IPUIPlugin
2023-11-01 16:03:20,870 [INFO] PluginManager:220 - loadIPPluginJar : add dma
2023-11-01 16:03:20,958 [INFO] IPUIPlugin:80 - create IPUIPlugin
2023-11-01 16:03:20,959 [INFO] PluginManager:220 - loadIPPluginJar : add dma3
2023-11-01 16:03:20,995 [INFO] IPUIPlugin:80 - create IPUIPlugin
2023-11-01 16:03:20,996 [INFO] PluginManager:220 - loadIPPluginJar : add fatfs
2023-11-01 16:03:21,091 [INFO] IPUIPlugin:80 - create IPUIPlugin
2023-11-01 16:03:21,091 [INFO] PluginManager:220 - loadIPPluginJar : add fmc
2023-11-01 16:03:21,121 [INFO] IPUIPlugin:80 - create IPUIPlugin
2023-11-01 16:03:21,121 [INFO] PluginManager:220 - loadIPPluginJar : add freertos
2023-11-01 16:03:21,160 [INFO] IPUIPlugin:80 - create IPUIPlugin
2023-11-01 16:03:21,161 [INFO] PluginManager:220 - loadIPPluginJar : add genericplugin
2023-11-01 16:03:21,357 [INFO] IPUIPlugin:80 - create IPUIPlugin
2023-11-01 16:03:21,357 [INFO] PluginManager:220 - loadIPPluginJar : add gfxmmu
2023-11-01 16:03:21,628 [INFO] IPUIPlugin:80 - create IPUIPlugin
2023-11-01 16:03:21,630 [INFO] PluginManager:220 - loadIPPluginJar : add gic
2023-11-01 16:03:21,652 [INFO] IPUIPlugin:80 - create IPUIPlugin
2023-11-01 16:03:21,652 [INFO] PluginManager:220 - loadIPPluginJar : add gpio
2023-11-01 16:03:21,862 [INFO] IPUIPlugin:80 - create IPUIPlugin
2023-11-01 16:03:21,863 [INFO] PluginManager:220 - loadIPPluginJar : add gtzc
2023-11-01 16:03:21,932 [INFO] IPUIPlugin:80 - create IPUIPlugin
2023-11-01 16:03:21,932 [INFO] PluginManager:220 - loadIPPluginJar : add hash
2023-11-01 16:03:22,058 [INFO] IPUIPlugin:80 - create IPUIPlugin
2023-11-01 16:03:22,058 [INFO] PluginManager:220 - loadIPPluginJar : add i2c
2023-11-01 16:03:22,128 [INFO] ThirdPartyUpdaterWithRetryManager:70 - Updater plugin not ready yet. [2/15]
2023-11-01 16:03:22,146 [INFO] IPUIPlugin:80 - create IPUIPlugin
2023-11-01 16:03:22,146 [INFO] PluginManager:220 - loadIPPluginJar : add i2s
2023-11-01 16:03:22,238 [INFO] IPUIPlugin:80 - create IPUIPlugin
2023-11-01 16:03:22,239 [INFO] PluginManager:220 - loadIPPluginJar : add i3c
2023-11-01 16:03:22,472 [INFO] IPUIPlugin:80 - create IPUIPlugin
2023-11-01 16:03:22,473 [INFO] PluginManager:220 - loadIPPluginJar : add ipddr
2023-11-01 16:03:22,678 [INFO] IPUIPlugin:80 - create IPUIPlugin
2023-11-01 16:03:22,679 [INFO] PluginManager:220 - loadIPPluginJar : add linkedlist
2023-11-01 16:03:22,756 [INFO] IPUIPlugin:80 - create IPUIPlugin
2023-11-01 16:03:22,756 [INFO] PluginManager:220 - loadIPPluginJar : add lorawan
2023-11-01 16:03:22,843 [INFO] IPUIPlugin:80 - create IPUIPlugin
2023-11-01 16:03:22,843 [INFO] PluginManager:220 - loadIPPluginJar : add ltdc
2023-11-01 16:03:22,919 [INFO] IPUIPlugin:80 - create IPUIPlugin
2023-11-01 16:03:22,922 [INFO] PluginManager:220 - loadIPPluginJar : add mdma
2023-11-01 16:03:22,959 [INFO] IPUIPlugin:80 - create IPUIPlugin
2023-11-01 16:03:22,959 [INFO] PluginManager:220 - loadIPPluginJar : add nvic
2023-11-01 16:03:23,045 [INFO] IPUIPlugin:80 - create IPUIPlugin
2023-11-01 16:03:23,045 [INFO] PluginManager:220 - loadIPPluginJar : add opamp
2023-11-01 16:03:23,182 [INFO] IPUIPlugin:80 - create IPUIPlugin
2023-11-01 16:03:23,182 [INFO] PluginManager:220 - loadIPPluginJar : add openamp
2023-11-01 16:03:23,285 [INFO] IPUIPlugin:80 - create IPUIPlugin
2023-11-01 16:03:23,285 [INFO] PluginManager:220 - loadIPPluginJar : add pdm2pcm
2023-11-01 16:03:23,315 [INFO] IPUIPlugin:80 - create IPUIPlugin
2023-11-01 16:03:23,324 [INFO] PluginManager:220 - loadIPPluginJar : add plateformsettings
2023-11-01 16:03:23,372 [INFO] IPUIPlugin:80 - create IPUIPlugin
2023-11-01 16:03:23,372 [INFO] PluginManager:220 - loadIPPluginJar : add quadspi
2023-11-01 16:03:23,397 [INFO] IPUIPlugin:80 - create IPUIPlugin
2023-11-01 16:03:23,399 [INFO] PluginManager:220 - loadIPPluginJar : add resmgrutility
2023-11-01 16:03:23,516 [INFO] IPUIPlugin:80 - create IPUIPlugin
2023-11-01 16:03:23,516 [INFO] PluginManager:220 - loadIPPluginJar : add sai
2023-11-01 16:03:23,608 [INFO] IPUIPlugin:80 - create IPUIPlugin
2023-11-01 16:03:23,608 [INFO] PluginManager:220 - loadIPPluginJar : add spi
2023-11-01 16:03:23,750 [INFO] IPUIPlugin:80 - create IPUIPlugin
2023-11-01 16:03:23,750 [INFO] PluginManager:220 - loadIPPluginJar : add stm32_wpan
2023-11-01 16:03:23,807 [INFO] IPUIPlugin:80 - create IPUIPlugin
2023-11-01 16:03:23,807 [INFO] PluginManager:220 - loadIPPluginJar : add tim
2023-11-01 16:03:23,933 [INFO] IPUIPlugin:80 - create IPUIPlugin
2023-11-01 16:03:23,933 [INFO] PluginManager:220 - loadIPPluginJar : add touchsensing
2023-11-01 16:03:23,988 [INFO] IPUIPlugin:80 - create IPUIPlugin
2023-11-01 16:03:23,989 [INFO] PluginManager:220 - loadIPPluginJar : add tracer_emb
2023-11-01 16:03:24,042 [INFO] IPUIPlugin:80 - create IPUIPlugin
2023-11-01 16:03:24,042 [INFO] PluginManager:220 - loadIPPluginJar : add ts
2023-11-01 16:03:24,089 [INFO] IPUIPlugin:80 - create IPUIPlugin
2023-11-01 16:03:24,089 [INFO] PluginManager:220 - loadIPPluginJar : add tsc
2023-11-01 16:03:24,136 [INFO] IPUIPlugin:80 - create IPUIPlugin
2023-11-01 16:03:24,138 [INFO] PluginManager:220 - loadIPPluginJar : add ucpd
2023-11-01 16:03:24,236 [INFO] IPUIPlugin:80 - create IPUIPlugin
2023-11-01 16:03:24,237 [INFO] PluginManager:220 - loadIPPluginJar : add usart
2023-11-01 16:03:24,330 [INFO] IPUIPlugin:80 - create IPUIPlugin
2023-11-01 16:03:24,330 [INFO] PluginManager:220 - loadIPPluginJar : add usbx
2023-11-01 16:03:24,601 [INFO] CADModel:165 - CPN selected for project level
2023-11-01 16:03:24,601 [INFO] CADModel:114 - Register for checkConnection events
2023-11-01 16:03:24,602 [FATAL] Updater:308 - Updater called before beeing initialized
2023-11-01 16:03:24,602 [ERROR] CADModel:125 - Updater not yet initialized, retry later 
2023-11-01 16:03:24,996 [INFO] CADModel:165 - CPN selected for project level
2023-11-01 16:03:24,996 [INFO] CADModel:114 - Register for checkConnection events
2023-11-01 16:03:24,996 [FATAL] Updater:308 - Updater called before beeing initialized
2023-11-01 16:03:24,996 [ERROR] CADModel:125 - Updater not yet initialized, retry later 
2023-11-01 16:03:25,009 [FATAL] Updater:308 - Updater called before beeing initialized
2023-11-01 16:03:25,142 [INFO] ThirdPartyUpdaterWithRetryManager:70 - Updater plugin not ready yet. [3/15]
2023-11-01 16:03:25,354 [FATAL] Updater:308 - Updater called before beeing initialized
2023-11-01 16:03:25,383 [INFO] DbMcusAds:53 - JSON generation date=Tue Mar 07 14:20:55 IST 2023 (1678179055114)
2023-11-01 16:03:25,383 [FATAL] Updater:308 - Updater called before beeing initialized
2023-11-01 16:03:25,545 [WARN] DetailPanel:346 - Failed to get advertising image, set to default
2023-11-01 16:03:25,779 [FATAL] Updater:308 - Updater called before beeing initialized
2023-11-01 16:03:25,785 [FATAL] Updater:308 - Updater called before beeing initialized
2023-11-01 16:03:25,787 [FATAL] Updater:308 - Updater called before beeing initialized
2023-11-01 16:03:25,787 [WARN] DetailPanel:346 - Failed to get advertising image, set to default
2023-11-01 16:03:25,789 [FATAL] Updater:308 - Updater called before beeing initialized
2023-11-01 16:03:25,981 [ERROR] Updater:1120 - MainUpdater not yet initialized. External WinMGr cannot be set.
2023-11-01 16:03:26,008 [INFO] Updater:1056 - Updater Version found : 6.9.2
2023-11-01 16:03:26,049 [INFO] ApplicationProperties:184 - Using Application install path: C:\ST\STM32CubeIDE_1.13.2\STM32CubeIDE\plugins\com.st.stm32cube.common.mx_6.9.2.202309101412
2023-11-01 16:03:26,664 [INFO] MainUpdater:2868 - connection check result : 10
2023-11-01 16:03:26,665 [INFO] MainUpdater:285 - Updater Check For Update Now.
2023-11-01 16:03:26,666 [INFO] MicroXplorer:498 - Change Database Version : DB.6.0.92
2023-11-01 16:03:26,773 [INFO] McuFinderGlobals:63 - Set McuFinder mode to 2 (CubeIDE integrated)
2023-11-01 16:03:27,508 [INFO] CheckServerUpdateThread:120 - End of CheckServer Thread
2023-11-01 16:03:28,744 [WARN] PackLoader:240 - Cannot read IP mode file for STMicroelectronics.X-CUBE-SMBUS.2.1.0
2023-11-01 16:03:28,895 [WARN] PackLoader:240 - Cannot read IP mode file for STMicroelectronics.X-CUBE-AZRTOS-F7.1.1.0
2023-11-01 16:03:28,957 [WARN] PackLoader:240 - Cannot read IP mode file for STMicroelectronics.FP-SNS-MOTENV1.4.3.2
2023-11-01 16:03:28,997 [WARN] PackLoader:240 - Cannot read IP mode file for STMicroelectronics.FP-SNS-FLIGHT1.5.0.2
2023-11-01 16:03:29,042 [WARN] PackLoader:240 - Cannot read IP mode file for STMicroelectronics.X-CUBE-DISPLAY.3.0.0
2023-11-01 16:03:29,139 [WARN] PackLoader:240 - Cannot read IP mode file for STMicroelectronics.X-CUBE-BLE1.7.0.0
2023-11-01 16:03:29,173 [WARN] PackLoader:240 - Cannot read IP mode file for emotas.I-CUBE-CANOPEN.1.3.0
2023-11-01 16:03:29,210 [WARN] PackLoader:240 - Cannot read IP mode file for STMicroelectronics.X-CUBE-TOUCHGFX.4.22.1
2023-11-01 16:03:29,242 [WARN] PackLoader:240 - Cannot read IP mode file for STMicroelectronics.FP-SNS-SMARTAG2.1.2.0
2023-11-01 16:03:29,291 [INFO] LogOutputStream:77 - [STDOUT_REDIRECT] 1 : Invalid condition id : UX_CORESTACK_Condition cause : null
2023-11-01 16:03:29,293 [INFO] LogOutputStream:77 - [STDOUT_REDIRECT] 1 : Invalid condition id : UX_CORESTACK_Condition cause : null
2023-11-01 16:03:29,296 [INFO] LogOutputStream:77 - [STDOUT_REDIRECT] 1 : Invalid condition id : UX_CORESTACK_Condition cause : null
2023-11-01 16:03:29,301 [INFO] LogOutputStream:77 - [STDOUT_REDIRECT] 1 : Invalid condition id : UX_CORESTACK_Condition cause : null
2023-11-01 16:03:29,305 [INFO] LogOutputStream:77 - [STDOUT_REDIRECT] 1 : Invalid condition id : UX_CORESTACK_Condition cause : null
2023-11-01 16:03:29,317 [WARN] PackLoader:240 - Cannot read IP mode file for STMicroelectronics.X-CUBE-AZRTOS-WL.2.0.0
2023-11-01 16:03:29,358 [WARN] PackLoader:240 - Cannot read IP mode file for WES.I-CUBE-Cesium.1.3.0
2023-11-01 16:03:29,381 [WARN] PackLoader:240 - Cannot read IP mode file for STMicroelectronics.X-CUBE-BLE2.3.3.0
2023-11-01 16:03:29,410 [WARN] PackLoader:240 - Cannot read IP mode file for STMicroelectronics.X-CUBE-ALGOBUILD.1.3.0
2023-11-01 16:03:29,487 [WARN] PackLoader:240 - Cannot read IP mode file for STMicroelectronics.X-CUBE-AZRTOS-G0.1.1.0
2023-11-01 16:03:29,523 [WARN] PackLoader:240 - Cannot read IP mode file for STMicroelectronics.X-CUBE-NFC4.3.0.0
2023-11-01 16:03:29,554 [WARN] PackLoader:240 - Cannot read IP mode file for STMicroelectronics.FP-ATR-SIGFOX1.3.2.0
2023-11-01 16:03:29,671 [WARN] PackLoader:240 - Cannot read IP mode file for SEGGER.I-CUBE-embOS.1.3.1
2023-11-01 16:03:29,842 [WARN] PackLoader:240 - Cannot read IP mode file for STMicroelectronics.X-CUBE-GNSS1.6.0.0
2023-11-01 16:03:29,911 [WARN] PackLoader:240 - Cannot read IP mode file for STMicroelectronics.X-CUBE-AZRTOS-F4.1.1.0
2023-11-01 16:03:29,959 [WARN] PackLoader:240 - Cannot read IP mode file for wolfSSL.I-CUBE-wolfSSL.5.6.3
2023-11-01 16:03:30,021 [WARN] PackLoader:240 - Cannot read IP mode file for STMicroelectronics.X-CUBE-AZRTOS-L5.2.0.0
2023-11-01 16:03:30,158 [WARN] PackLoader:240 - Cannot read IP mode file for STMicroelectronics.X-CUBE-MEMS1.9.6.0
2023-11-01 16:03:30,691 [WARN] PackLoader:240 - Cannot read IP mode file for STMicroelectronics.X-CUBE-EEPRMA1.4.2.0
2023-11-01 16:03:30,715 [WARN] PackLoader:240 - Cannot read IP mode file for ITTIA_DB.I-CUBE-ITTIADB.8.8.0
2023-11-01 16:03:30,750 [WARN] PackLoader:240 - Cannot read IP mode file for STMicroelectronics.X-CUBE-BLEMGR.2.0.0
2023-11-01 16:03:30,813 [WARN] ConditionMgr:438 - getConditionDescription Invalid condition id : UX DEVICE CLASS RTOS Condition cause : null
2023-11-01 16:03:30,814 [WARN] ConditionMgr:438 - getConditionDescription Invalid condition id : UX DEVICE CLASS RTOS Condition cause : null
2023-11-01 16:03:30,821 [WARN] PackLoader:240 - Cannot read IP mode file for STMicroelectronics.X-CUBE-AZRTOS-H7.3.1.0
2023-11-01 16:03:30,824 [WARN] ConditionMgr:1039 - genDependencies : Invalid condition id : UX DEVICE CLASS RTOS Condition cause : null
2023-11-01 16:03:30,824 [WARN] ConditionMgr:1039 - genDependencies : Invalid condition id : UX DEVICE CLASS RTOS Condition cause : null
2023-11-01 16:03:30,826 [WARN] ConditionMgr:1039 - genDependencies : Invalid condition id : UX DEVICE CLASS RTOS Condition cause : null
2023-11-01 16:03:30,827 [WARN] ConditionMgr:1039 - genDependencies : Invalid condition id : UX DEVICE CLASS RTOS Condition cause : null
2023-11-01 16:03:30,827 [WARN] ConditionMgr:1039 - genDependencies : Invalid condition id : UX DEVICE CLASS RTOS Condition cause : null
2023-11-01 16:03:30,848 [WARN] PackLoader:240 - Cannot read IP mode file for STMicroelectronics.X-CUBE-NFC7.1.0.1
2023-11-01 16:03:30,881 [WARN] PackLoader:240 - Cannot read IP mode file for STMicroelectronics.X-CUBE-NFC6.3.0.0
2023-11-01 16:03:30,912 [WARN] PackLoader:240 - Cannot read IP mode file for STMicroelectronics.X-CUBE-EEPRMA1.4.1.0
2023-11-01 16:03:30,935 [WARN] PackLoader:240 - Cannot read IP mode file for STMicroelectronics.X-CUBE-AI.8.1.0
2023-11-01 16:03:30,995 [WARN] ConditionMgr:438 - getConditionDescription Invalid condition id : LAN8742 Phy interface Condition cause : null
2023-11-01 16:03:30,995 [WARN] PackLoader:240 - Cannot read IP mode file for STMicroelectronics.X-CUBE-AZRTOS-L4.2.0.0
2023-11-01 16:03:31,000 [WARN] ConditionMgr:1039 - genDependencies : Invalid condition id : LAN8742 Phy interface Condition cause : null
2023-11-01 16:03:31,000 [WARN] ConditionMgr:1039 - genDependencies : Invalid condition id : LAN8742 Phy interface Condition cause : null
2023-11-01 16:03:31,002 [WARN] ConditionMgr:1039 - genDependencies : Invalid condition id : LAN8742 Phy interface Condition cause : null
2023-11-01 16:03:31,032 [WARN] PackLoader:240 - Cannot read IP mode file for STMicroelectronics.X-CUBE-SFXS2LP1.4.0.0
2023-11-01 16:03:31,057 [WARN] PackLoader:240 - Cannot read IP mode file for STMicroelectronics.X-CUBE-ISPU.1.1.0
2023-11-01 16:03:31,105 [WARN] ConditionMgr:438 - getConditionDescription Invalid condition id : UX DEVICE CLASS RTOS Condition cause : null
2023-11-01 16:03:31,107 [WARN] ConditionMgr:438 - getConditionDescription Invalid condition id : UX DEVICE CLASS RTOS Condition cause : null
2023-11-01 16:03:31,112 [WARN] PackLoader:240 - Cannot read IP mode file for STMicroelectronics.X-CUBE-AZRTOS-WB.2.0.0
2023-11-01 16:03:31,113 [WARN] ConditionMgr:1039 - genDependencies : Invalid condition id : UX DEVICE CLASS RTOS Condition cause : null
2023-11-01 16:03:31,114 [WARN] ConditionMgr:1039 - genDependencies : Invalid condition id : UX DEVICE CLASS RTOS Condition cause : null
2023-11-01 16:03:31,115 [WARN] ConditionMgr:1039 - genDependencies : Invalid condition id : UX DEVICE CLASS RTOS Condition cause : null
2023-11-01 16:03:31,115 [WARN] ConditionMgr:1039 - genDependencies : Invalid condition id : UX DEVICE CLASS RTOS Condition cause : null
2023-11-01 16:03:31,116 [WARN] ConditionMgr:1039 - genDependencies : Invalid condition id : UX DEVICE CLASS RTOS Condition cause : null
2023-11-01 16:03:31,157 [WARN] PackLoader:240 - Cannot read IP mode file for STMicroelectronics.X-CUBE-SUBG2.5.0.0
2023-11-01 16:03:31,207 [WARN] PackLoader:240 - Cannot read IP mode file for STMicroelectronics.X-CUBE-TOF1.3.3.1
2023-11-01 16:03:31,290 [WARN] PackLoader:240 - Cannot read IP mode file for STMicroelectronics.X-CUBE-AZRTOS-G4.2.0.0
2023-11-01 16:03:31,340 [WARN] PackLoader:240 - Cannot read IP mode file for Infineon.AIROC-Wi-Fi-Bluetooth-STM32.1.5.1
2023-11-01 16:03:31,455 [WARN] PackLoader:240 - Cannot read IP mode file for STMicroelectronics.X-CUBE-MEMS1.10.0.0
2023-11-01 16:03:31,757 [WARN] PackLoader:240 - Cannot read IP mode file for STMicroelectronics.X-CUBE-FREERTOS.1.1.0
2023-11-01 16:03:31,791 [WARN] PackLoader:240 - Cannot read IP mode file for portGmbH.I-Cube-SoM-uGOAL.1.1.0
2023-11-01 16:03:31,813 [WARN] PackLoader:240 - Cannot read IP mode file for STMicroelectronics.X-CUBE-ALS.1.0.1
2023-11-01 16:03:31,838 [WARN] PackLoader:240 - Cannot read IP mode file for STMicroelectronics.FP-ATR-ASTRA1.2.0.0
2023-11-01 16:03:31,840 [INFO] ThirdParty:978 - Integrity check success = true
2023-11-01 16:03:31,841 [INFO] IntegrityCheckThread:100 - exiting critical section [integrity check]
2023-11-01 16:03:31,841 [INFO] IntegrityCheckThread:103 - End integrity checks thread
2023-11-01 16:30:31,233 [INFO] Activator:176 - 


2023-11-01 16:30:31,239 [INFO] Activator:177 - !SESSION log4j initialized
2023-11-01 16:30:42,200 [INFO] LogOutputStream:77 - [STDOUT_REDIRECT] 
2023-11-01 16:30:44,404 [INFO] ApplicationProperties:184 - Using Application install path: C:\ST\STM32CubeIDE_1.13.2\STM32CubeIDE\plugins\com.st.stm32cube.common.mx_6.9.2.202309101412
2023-11-01 16:30:44,440 [INFO] DbMcusXml:78 - Set database path to: C:\ST\STM32CubeIDE_1.13.2\STM32CubeIDE\plugins\com.st.stm32cube.common.mx_6.9.2.202309101412\\db\/mcu/
2023-11-01 16:30:44,440 [INFO] ApiDb:274 - Set plugin database path to: C:\ST\STM32CubeIDE_1.13.2\STM32CubeIDE\plugins\com.st.stm32cube.common.mx_6.9.2.202309101412\\db\/plugins/boardmanager/
2023-11-01 16:30:44,441 [WARN] ApiDb:259 - Overriding images path with different value:  => C:\ST\STM32CubeIDE_1.13.2\STM32CubeIDE\plugins\com.st.stm32cube.common.mx_6.9.2.202309101412\\db\/plugins/mcufinder/images/
2023-11-01 16:30:44,460 [INFO] ApiDb:250 - Set database path to: C:\Users\JMS\.stmcufinder\plugins\mcufinder//mcu/
2023-11-01 16:30:44,462 [INFO] DbMcusAds:125 - Set database path to: C:\Users\JMS\.stmcufinder\plugins\mcufinder//mcu/
2023-11-01 16:30:44,465 [INFO] CrossReferenceDbSqlite:203 - Set database path to: C:\Users\JMS\.stmcufinder\plugins\mcufinder//mcu/cs/
2023-11-01 16:30:44,662 [INFO] RulesReader:64 - Compatibility file has been processed (293 Rules)
2023-11-01 16:30:44,822 [INFO] DbMcusXml:78 - Set database path to: C:\ST\STM32CubeIDE_1.13.2\STM32CubeIDE\plugins\com.st.stm32cube.common.mx_6.9.2.202309101412\\db\/mcu/
2023-11-01 16:30:44,822 [INFO] ApiDb:274 - Set plugin database path to: C:\ST\STM32CubeIDE_1.13.2\STM32CubeIDE\plugins\com.st.stm32cube.common.mx_6.9.2.202309101412\\db\/plugins/boardmanager/
2023-11-01 16:30:44,822 [INFO] ApiDb:261 - Set plugin images path to: C:\ST\STM32CubeIDE_1.13.2\STM32CubeIDE\plugins\com.st.stm32cube.common.mx_6.9.2.202309101412\\db\/plugins/mcufinder/images/
2023-11-01 16:30:44,823 [WARN] DbFile:41 - Overriding database path with different value: C:\Users\JMS\.stmcufinder\plugins\mcufinder/ => C:\Users\JMS\.stmcufinder\plugins\mcufinder
2023-11-01 16:30:44,823 [INFO] ApiDb:250 - Set database path to: C:\Users\JMS\.stmcufinder\plugins\mcufinder//mcu/
2023-11-01 16:30:44,823 [WARN] DbFile:41 - Overriding database path with different value: C:\Users\JMS\.stmcufinder\plugins\mcufinder/ => C:\Users\JMS\.stmcufinder\plugins\mcufinder
2023-11-01 16:30:44,823 [INFO] DbMcusAds:125 - Set database path to: C:\Users\JMS\.stmcufinder\plugins\mcufinder//mcu/
2023-11-01 16:30:44,823 [WARN] DbFile:41 - Overriding database path with different value: C:\Users\JMS\.stmcufinder\plugins\mcufinder/ => C:\Users\JMS\.stmcufinder\plugins\mcufinder
2023-11-01 16:30:44,823 [WARN] DbFile:41 - Overriding database path with different value: C:\Users\JMS\.stmcufinder\plugins\mcufinder/ => C:\Users\JMS\.stmcufinder\plugins\mcufinder
2023-11-01 16:30:44,824 [INFO] CrossReferenceDbSqlite:203 - Set database path to: C:\Users\JMS\.stmcufinder\plugins\mcufinder//mcu/cs/
2023-11-01 16:30:44,952 [INFO] MainPanel:262 - HeapMemory: 268435456
2023-11-01 16:30:45,099 [INFO] DbMcusXml:78 - Set database path to: C:\ST\STM32CubeIDE_1.13.2\STM32CubeIDE\plugins\com.st.stm32cube.common.mx_6.9.2.202309101412\\db\/mcu/
2023-11-01 16:30:45,099 [INFO] ApiDb:274 - Set plugin database path to: C:\ST\STM32CubeIDE_1.13.2\STM32CubeIDE\plugins\com.st.stm32cube.common.mx_6.9.2.202309101412\\db\/plugins/boardmanager/
2023-11-01 16:30:45,099 [INFO] ApiDb:261 - Set plugin images path to: C:\ST\STM32CubeIDE_1.13.2\STM32CubeIDE\plugins\com.st.stm32cube.common.mx_6.9.2.202309101412\\db\/plugins/mcufinder/images/
2023-11-01 16:30:45,100 [WARN] DbFile:41 - Overriding database path with different value: C:\Users\JMS\.stmcufinder\plugins\mcufinder/ => C:\Users\JMS\.stmcufinder\plugins\mcufinder
2023-11-01 16:30:45,100 [INFO] ApiDb:250 - Set database path to: C:\Users\JMS\.stmcufinder\plugins\mcufinder//mcu/
2023-11-01 16:30:45,101 [WARN] DbFile:41 - Overriding database path with different value: C:\Users\JMS\.stmcufinder\plugins\mcufinder/ => C:\Users\JMS\.stmcufinder\plugins\mcufinder
2023-11-01 16:30:45,101 [INFO] DbMcusAds:125 - Set database path to: C:\Users\JMS\.stmcufinder\plugins\mcufinder//mcu/
2023-11-01 16:30:45,101 [WARN] DbFile:41 - Overriding database path with different value: C:\Users\JMS\.stmcufinder\plugins\mcufinder/ => C:\Users\JMS\.stmcufinder\plugins\mcufinder
2023-11-01 16:30:45,101 [WARN] DbFile:41 - Overriding database path with different value: C:\Users\JMS\.stmcufinder\plugins\mcufinder/ => C:\Users\JMS\.stmcufinder\plugins\mcufinder
2023-11-01 16:30:45,101 [INFO] CrossReferenceDbSqlite:203 - Set database path to: C:\Users\JMS\.stmcufinder\plugins\mcufinder//mcu/cs/
2023-11-01 16:30:45,140 [INFO] ApplicationProperties:184 - Using Application install path: C:\ST\STM32CubeIDE_1.13.2\STM32CubeIDE\plugins\com.st.stm32cube.common.mx_6.9.2.202309101412
2023-11-01 16:30:45,143 [INFO] PluginManage:196 - Search for loadable plugins [exclusion list=, ]
2023-11-01 16:30:45,145 [INFO] PluginManage:310 - Check plugin analytics
2023-11-01 16:30:45,448 [INFO] AnalyticsPlugin:253 - Accepted Software Licenses: 
2023-11-01 16:30:45,448 [INFO] AnalyticsPlugin:255 - Accepted CMSIS Pack Licenses: 
2023-11-01 16:30:45,448 [INFO] AnalyticsPlugin:257 - Accepted Firmware Licenses: FW.F4.1.27.0
2023-11-01 16:30:45,454 [INFO] PluginManage:359 - Loaded plugin analytics (category:tool,tabindex:-1)
2023-11-01 16:30:45,455 [INFO] PluginManage:310 - Check plugin cadmodel
2023-11-01 16:30:45,476 [INFO] CADModel:105 - Init CAD model plugin
2023-11-01 16:30:45,476 [INFO] PluginManage:359 - Loaded plugin cadmodel (category:power,tabindex:5)
2023-11-01 16:30:45,476 [INFO] PluginManage:310 - Check plugin clock
2023-11-01 16:30:45,509 [INFO] PluginManage:359 - Loaded plugin clock (category:base,tabindex:2)
2023-11-01 16:30:45,509 [INFO] PluginManage:310 - Check plugin ddr
2023-11-01 16:30:45,513 [INFO] PluginManage:359 - Loaded plugin ddr (category:tool,tabindex:6)
2023-11-01 16:30:45,513 [INFO] PluginManage:310 - Check plugin filemanager
2023-11-01 16:30:45,770 [INFO] PluginManage:359 - Loaded plugin filemanager (category:base,tabindex:10)
2023-11-01 16:30:45,771 [INFO] PluginManage:310 - Check plugin ipmanager
2023-11-01 16:30:45,783 [INFO] PluginManage:359 - Loaded plugin ipmanager (category:base,tabindex:5)
2023-11-01 16:30:45,783 [INFO] PluginManage:310 - Check plugin lpbam
2023-11-01 16:30:45,808 [INFO] PluginManage:359 - Loaded plugin lpbam (category:base,tabindex:0)
2023-11-01 16:30:45,808 [INFO] PluginManage:310 - Check plugin memorymap
2023-11-01 16:30:45,842 [INFO] PluginManage:359 - Loaded plugin memorymap (category:base,tabindex:4)
2023-11-01 16:30:45,842 [INFO] PluginManage:310 - Check plugin pinoutandconfiguration
2023-11-01 16:30:45,867 [INFO] PluginManage:359 - Loaded plugin pinoutandconfiguration (category:base,tabindex:1)
2023-11-01 16:30:45,867 [INFO] PluginManage:310 - Check plugin pinoutconfig
2023-11-01 16:30:46,026 [WARN] SupportedApi:132 - Cannot load RTOS API schema: s4s-elt-must-match.1: The content of 'definitions' must match (annotation?, (simpleType | complexType)?, (unique | key | keyref)*)). A problem was found starting at: attribute.
2023-11-01 16:30:46,268 [INFO] PluginManage:359 - Loaded plugin pinoutconfig (category:base,tabindex:0)
2023-11-01 16:30:46,268 [INFO] PluginManage:310 - Check plugin power
2023-11-01 16:30:46,304 [INFO] PluginManage:359 - Loaded plugin power (category:power,tabindex:4)
2023-11-01 16:30:46,304 [INFO] PluginManage:310 - Check plugin projectmanager
2023-11-01 16:30:46,327 [INFO] PluginManage:359 - Loaded plugin projectmanager (category:projectmanager,tabindex:3)
2023-11-01 16:30:46,328 [INFO] PluginManage:310 - Check plugin thirdparty
2023-11-01 16:30:46,757 [WARN] IntegrityCheckThread:84 - waiting for thirdparty lock release [integrity check]
2023-11-01 16:30:46,757 [INFO] PluginManage:359 - Loaded plugin thirdparty (category:base,tabindex:-1)
2023-11-01 16:30:46,757 [INFO] IntegrityCheckThread:86 - entering critical section [integrity check]
2023-11-01 16:30:46,758 [INFO] PluginManage:310 - Check plugin tools
2023-11-01 16:30:46,758 [INFO] ThirdPartyUpdaterWithRetryManager:70 - Updater plugin not ready yet. [1/15]
2023-11-01 16:30:46,811 [INFO] PluginManage:359 - Loaded plugin tools (category:base,tabindex:7)
2023-11-01 16:30:46,811 [INFO] PluginManage:310 - Check plugin tutovideos
2023-11-01 16:30:47,115 [INFO] PluginManage:359 - Loaded plugin tutovideos (category:base,tabindex:-1)
2023-11-01 16:30:47,116 [INFO] PluginManage:310 - Check plugin updater
2023-11-01 16:30:47,132 [INFO] PluginManage:359 - Loaded plugin updater (category:base,tabindex:12)
2023-11-01 16:30:47,132 [INFO] PluginManage:310 - Check plugin userauth
2023-11-01 16:30:47,141 [INFO] UserAuth:113 - Init User Auth plugin
2023-11-01 16:30:47,142 [INFO] PluginManage:359 - Loaded plugin userauth (category:base,tabindex:14)
2023-11-01 16:30:47,142 [INFO] PluginManage:283 - PluginManage : Loaded plugins [17]
2023-11-01 16:30:47,505 [INFO] PinOutPanel:1499 - setPackage(No Configuration,No Configuration)
2023-11-01 16:30:47,674 [INFO] CADModel:165 - CPN selected for project level
2023-11-01 16:30:47,674 [INFO] CADModel:114 - Register for checkConnection events
2023-11-01 16:30:47,713 [INFO] IPUIPlugin:80 - create IPUIPlugin
2023-11-01 16:30:47,713 [INFO] PluginManager:220 - loadIPPluginJar : add adc
2023-11-01 16:30:47,765 [INFO] IPUIPlugin:80 - create IPUIPlugin
2023-11-01 16:30:47,765 [INFO] PluginManager:220 - loadIPPluginJar : add aes
2023-11-01 16:30:47,828 [INFO] IPUIPlugin:80 - create IPUIPlugin
2023-11-01 16:30:47,828 [INFO] PluginManager:220 - loadIPPluginJar : add can
2023-11-01 16:30:47,874 [INFO] IPUIPlugin:80 - create IPUIPlugin
2023-11-01 16:30:47,874 [INFO] PluginManager:220 - loadIPPluginJar : add comp
2023-11-01 16:30:47,934 [INFO] IPUIPlugin:80 - create IPUIPlugin
2023-11-01 16:30:47,934 [INFO] PluginManager:220 - loadIPPluginJar : add cryp
2023-11-01 16:30:47,989 [INFO] IPUIPlugin:80 - create IPUIPlugin
2023-11-01 16:30:47,990 [INFO] PluginManager:220 - loadIPPluginJar : add dfsdm
2023-11-01 16:30:48,012 [INFO] IPUIPlugin:80 - create IPUIPlugin
2023-11-01 16:30:48,013 [INFO] PluginManager:220 - loadIPPluginJar : add dma
2023-11-01 16:30:48,078 [INFO] IPUIPlugin:80 - create IPUIPlugin
2023-11-01 16:30:48,078 [INFO] PluginManager:220 - loadIPPluginJar : add dma3
2023-11-01 16:30:48,109 [INFO] IPUIPlugin:80 - create IPUIPlugin
2023-11-01 16:30:48,109 [INFO] PluginManager:220 - loadIPPluginJar : add fatfs
2023-11-01 16:30:48,186 [INFO] IPUIPlugin:80 - create IPUIPlugin
2023-11-01 16:30:48,187 [INFO] PluginManager:220 - loadIPPluginJar : add fmc
2023-11-01 16:30:48,213 [INFO] IPUIPlugin:80 - create IPUIPlugin
2023-11-01 16:30:48,213 [INFO] PluginManager:220 - loadIPPluginJar : add freertos
2023-11-01 16:30:48,249 [INFO] IPUIPlugin:80 - create IPUIPlugin
2023-11-01 16:30:48,249 [INFO] PluginManager:220 - loadIPPluginJar : add genericplugin
2023-11-01 16:30:48,390 [INFO] IPUIPlugin:80 - create IPUIPlugin
2023-11-01 16:30:48,391 [INFO] PluginManager:220 - loadIPPluginJar : add gfxmmu
2023-11-01 16:30:48,622 [INFO] IPUIPlugin:80 - create IPUIPlugin
2023-11-01 16:30:48,622 [INFO] PluginManager:220 - loadIPPluginJar : add gic
2023-11-01 16:30:48,641 [INFO] IPUIPlugin:80 - create IPUIPlugin
2023-11-01 16:30:48,642 [INFO] PluginManager:220 - loadIPPluginJar : add gpio
2023-11-01 16:30:48,782 [INFO] IPUIPlugin:80 - create IPUIPlugin
2023-11-01 16:30:48,782 [INFO] PluginManager:220 - loadIPPluginJar : add gtzc
2023-11-01 16:30:48,836 [INFO] IPUIPlugin:80 - create IPUIPlugin
2023-11-01 16:30:48,836 [INFO] PluginManager:220 - loadIPPluginJar : add hash
2023-11-01 16:30:48,916 [INFO] IPUIPlugin:80 - create IPUIPlugin
2023-11-01 16:30:48,916 [INFO] PluginManager:220 - loadIPPluginJar : add i2c
2023-11-01 16:30:48,974 [INFO] IPUIPlugin:80 - create IPUIPlugin
2023-11-01 16:30:48,974 [INFO] PluginManager:220 - loadIPPluginJar : add i2s
2023-11-01 16:30:49,035 [INFO] IPUIPlugin:80 - create IPUIPlugin
2023-11-01 16:30:49,036 [INFO] PluginManager:220 - loadIPPluginJar : add i3c
2023-11-01 16:30:49,203 [INFO] IPUIPlugin:80 - create IPUIPlugin
2023-11-01 16:30:49,204 [INFO] PluginManager:220 - loadIPPluginJar : add ipddr
2023-11-01 16:30:49,342 [INFO] IPUIPlugin:80 - create IPUIPlugin
2023-11-01 16:30:49,342 [INFO] PluginManager:220 - loadIPPluginJar : add linkedlist
2023-11-01 16:30:49,393 [INFO] IPUIPlugin:80 - create IPUIPlugin
2023-11-01 16:30:49,393 [INFO] PluginManager:220 - loadIPPluginJar : add lorawan
2023-11-01 16:30:49,446 [INFO] IPUIPlugin:80 - create IPUIPlugin
2023-11-01 16:30:49,447 [INFO] PluginManager:220 - loadIPPluginJar : add ltdc
2023-11-01 16:30:49,467 [INFO] IPUIPlugin:80 - create IPUIPlugin
2023-11-01 16:30:49,468 [INFO] PluginManager:220 - loadIPPluginJar : add mdma
2023-11-01 16:30:49,485 [INFO] IPUIPlugin:80 - create IPUIPlugin
2023-11-01 16:30:49,486 [INFO] PluginManager:220 - loadIPPluginJar : add nvic
2023-11-01 16:30:49,539 [INFO] IPUIPlugin:80 - create IPUIPlugin
2023-11-01 16:30:49,540 [INFO] PluginManager:220 - loadIPPluginJar : add opamp
2023-11-01 16:30:49,627 [INFO] IPUIPlugin:80 - create IPUIPlugin
2023-11-01 16:30:49,628 [INFO] PluginManager:220 - loadIPPluginJar : add openamp
2023-11-01 16:30:49,690 [INFO] IPUIPlugin:80 - create IPUIPlugin
2023-11-01 16:30:49,690 [INFO] PluginManager:220 - loadIPPluginJar : add pdm2pcm
2023-11-01 16:30:49,711 [INFO] IPUIPlugin:80 - create IPUIPlugin
2023-11-01 16:30:49,714 [INFO] PluginManager:220 - loadIPPluginJar : add plateformsettings
2023-11-01 16:30:49,746 [INFO] IPUIPlugin:80 - create IPUIPlugin
2023-11-01 16:30:49,746 [INFO] PluginManager:220 - loadIPPluginJar : add quadspi
2023-11-01 16:30:49,762 [INFO] ThirdPartyUpdaterWithRetryManager:70 - Updater plugin not ready yet. [2/15]
2023-11-01 16:30:49,764 [INFO] IPUIPlugin:80 - create IPUIPlugin
2023-11-01 16:30:49,764 [INFO] PluginManager:220 - loadIPPluginJar : add resmgrutility
2023-11-01 16:30:49,838 [INFO] IPUIPlugin:80 - create IPUIPlugin
2023-11-01 16:30:49,838 [INFO] PluginManager:220 - loadIPPluginJar : add sai
2023-11-01 16:30:49,892 [INFO] IPUIPlugin:80 - create IPUIPlugin
2023-11-01 16:30:49,893 [INFO] PluginManager:220 - loadIPPluginJar : add spi
2023-11-01 16:30:49,981 [INFO] IPUIPlugin:80 - create IPUIPlugin
2023-11-01 16:30:49,981 [INFO] PluginManager:220 - loadIPPluginJar : add stm32_wpan
2023-11-01 16:30:50,013 [INFO] IPUIPlugin:80 - create IPUIPlugin
2023-11-01 16:30:50,013 [INFO] PluginManager:220 - loadIPPluginJar : add tim
2023-11-01 16:30:50,100 [INFO] IPUIPlugin:80 - create IPUIPlugin
2023-11-01 16:30:50,100 [INFO] PluginManager:220 - loadIPPluginJar : add touchsensing
2023-11-01 16:30:50,133 [INFO] IPUIPlugin:80 - create IPUIPlugin
2023-11-01 16:30:50,134 [INFO] PluginManager:220 - loadIPPluginJar : add tracer_emb
2023-11-01 16:30:50,167 [INFO] IPUIPlugin:80 - create IPUIPlugin
2023-11-01 16:30:50,167 [INFO] PluginManager:220 - loadIPPluginJar : add ts
2023-11-01 16:30:50,199 [INFO] IPUIPlugin:80 - create IPUIPlugin
2023-11-01 16:30:50,199 [INFO] PluginManager:220 - loadIPPluginJar : add tsc
2023-11-01 16:30:50,232 [INFO] IPUIPlugin:80 - create IPUIPlugin
2023-11-01 16:30:50,232 [INFO] PluginManager:220 - loadIPPluginJar : add ucpd
2023-11-01 16:30:50,306 [INFO] IPUIPlugin:80 - create IPUIPlugin
2023-11-01 16:30:50,306 [INFO] PluginManager:220 - loadIPPluginJar : add usart
2023-11-01 16:30:50,376 [INFO] IPUIPlugin:80 - create IPUIPlugin
2023-11-01 16:30:50,376 [INFO] PluginManager:220 - loadIPPluginJar : add usbx
2023-11-01 16:30:50,549 [INFO] CADModel:165 - CPN selected for project level
2023-11-01 16:30:50,549 [INFO] CADModel:114 - Register for checkConnection events
2023-11-01 16:30:50,550 [FATAL] Updater:308 - Updater called before beeing initialized
2023-11-01 16:30:50,551 [ERROR] CADModel:125 - Updater not yet initialized, retry later 
2023-11-01 16:30:50,794 [INFO] CADModel:165 - CPN selected for project level
2023-11-01 16:30:50,794 [INFO] CADModel:114 - Register for checkConnection events
2023-11-01 16:30:50,794 [FATAL] Updater:308 - Updater called before beeing initialized
2023-11-01 16:30:50,794 [ERROR] CADModel:125 - Updater not yet initialized, retry later 
2023-11-01 16:30:50,800 [FATAL] Updater:308 - Updater called before beeing initialized
2023-11-01 16:30:50,976 [FATAL] Updater:308 - Updater called before beeing initialized
2023-11-01 16:30:50,995 [INFO] DbMcusAds:53 - JSON generation date=Tue Mar 07 14:20:55 IST 2023 (1678179055114)
2023-11-01 16:30:50,995 [FATAL] Updater:308 - Updater called before beeing initialized
2023-11-01 16:30:51,119 [WARN] DetailPanel:346 - Failed to get advertising image, set to default
2023-11-01 16:30:51,292 [FATAL] Updater:308 - Updater called before beeing initialized
2023-11-01 16:30:51,295 [FATAL] Updater:308 - Updater called before beeing initialized
2023-11-01 16:30:51,295 [FATAL] Updater:308 - Updater called before beeing initialized
2023-11-01 16:30:51,295 [WARN] DetailPanel:346 - Failed to get advertising image, set to default
2023-11-01 16:30:51,297 [FATAL] Updater:308 - Updater called before beeing initialized
2023-11-01 16:30:51,417 [ERROR] Updater:1120 - MainUpdater not yet initialized. External WinMGr cannot be set.
2023-11-01 16:30:51,432 [INFO] Updater:1056 - Updater Version found : 6.9.2
2023-11-01 16:30:51,461 [INFO] ApplicationProperties:184 - Using Application install path: C:\ST\STM32CubeIDE_1.13.2\STM32CubeIDE\plugins\com.st.stm32cube.common.mx_6.9.2.202309101412
2023-11-01 16:30:52,042 [INFO] MainUpdater:2868 - connection check result : 10
2023-11-01 16:30:52,043 [INFO] MainUpdater:285 - Updater Check For Update Now.
2023-11-01 16:30:52,044 [INFO] MicroXplorer:498 - Change Database Version : DB.6.0.92
2023-11-01 16:30:52,068 [INFO] McuFinderGlobals:63 - Set McuFinder mode to 2 (CubeIDE integrated)
2023-11-01 16:30:52,367 [INFO] CheckServerUpdateThread:120 - End of CheckServer Thread
2023-11-01 16:30:53,053 [WARN] PackLoader:240 - Cannot read IP mode file for STMicroelectronics.X-CUBE-SMBUS.2.1.0
2023-11-01 16:30:53,134 [WARN] PackLoader:240 - Cannot read IP mode file for STMicroelectronics.X-CUBE-AZRTOS-F7.1.1.0
2023-11-01 16:30:53,168 [WARN] PackLoader:240 - Cannot read IP mode file for STMicroelectronics.FP-SNS-MOTENV1.4.3.2
2023-11-01 16:30:53,196 [WARN] PackLoader:240 - Cannot read IP mode file for STMicroelectronics.FP-SNS-FLIGHT1.5.0.2
2023-11-01 16:30:53,226 [WARN] PackLoader:240 - Cannot read IP mode file for STMicroelectronics.X-CUBE-DISPLAY.3.0.0
2023-11-01 16:30:53,262 [WARN] PackLoader:240 - Cannot read IP mode file for STMicroelectronics.X-CUBE-BLE1.7.0.0
2023-11-01 16:30:53,283 [WARN] PackLoader:240 - Cannot read IP mode file for emotas.I-CUBE-CANOPEN.1.3.0
2023-11-01 16:30:53,304 [WARN] PackLoader:240 - Cannot read IP mode file for STMicroelectronics.X-CUBE-TOUCHGFX.4.22.1
2023-11-01 16:30:53,324 [WARN] PackLoader:240 - Cannot read IP mode file for STMicroelectronics.FP-SNS-SMARTAG2.1.2.0
2023-11-01 16:30:53,363 [INFO] LogOutputStream:77 - [STDOUT_REDIRECT] 1 : Invalid condition id : UX_CORESTACK_Condition cause : null
2023-11-01 16:30:53,364 [INFO] LogOutputStream:77 - [STDOUT_REDIRECT] 1 : Invalid condition id : UX_CORESTACK_Condition cause : null
2023-11-01 16:30:53,368 [INFO] LogOutputStream:77 - [STDOUT_REDIRECT] 1 : Invalid condition id : UX_CORESTACK_Condition cause : null
2023-11-01 16:30:53,370 [INFO] LogOutputStream:77 - [STDOUT_REDIRECT] 1 : Invalid condition id : UX_CORESTACK_Condition cause : null
2023-11-01 16:30:53,372 [INFO] LogOutputStream:77 - [STDOUT_REDIRECT] 1 : Invalid condition id : UX_CORESTACK_Condition cause : null
2023-11-01 16:30:53,384 [WARN] PackLoader:240 - Cannot read IP mode file for STMicroelectronics.X-CUBE-AZRTOS-WL.2.0.0
2023-11-01 16:30:53,414 [WARN] PackLoader:240 - Cannot read IP mode file for WES.I-CUBE-Cesium.1.3.0
2023-11-01 16:30:53,434 [WARN] PackLoader:240 - Cannot read IP mode file for STMicroelectronics.X-CUBE-BLE2.3.3.0
2023-11-01 16:30:53,456 [WARN] PackLoader:240 - Cannot read IP mode file for STMicroelectronics.X-CUBE-ALGOBUILD.1.3.0
2023-11-01 16:30:53,504 [WARN] PackLoader:240 - Cannot read IP mode file for STMicroelectronics.X-CUBE-AZRTOS-G0.1.1.0
2023-11-01 16:30:53,530 [WARN] PackLoader:240 - Cannot read IP mode file for STMicroelectronics.X-CUBE-NFC4.3.0.0
2023-11-01 16:30:53,549 [WARN] PackLoader:240 - Cannot read IP mode file for STMicroelectronics.FP-ATR-SIGFOX1.3.2.0
2023-11-01 16:30:53,626 [WARN] PackLoader:240 - Cannot read IP mode file for SEGGER.I-CUBE-embOS.1.3.1
2023-11-01 16:30:53,737 [WARN] PackLoader:240 - Cannot read IP mode file for STMicroelectronics.X-CUBE-GNSS1.6.0.0
2023-11-01 16:30:53,826 [WARN] PackLoader:240 - Cannot read IP mode file for STMicroelectronics.X-CUBE-AZRTOS-F4.1.1.0
2023-11-01 16:30:53,866 [WARN] PackLoader:240 - Cannot read IP mode file for wolfSSL.I-CUBE-wolfSSL.5.6.3
2023-11-01 16:30:53,995 [WARN] PackLoader:240 - Cannot read IP mode file for STMicroelectronics.X-CUBE-AZRTOS-L5.2.0.0
2023-11-01 16:30:54,158 [WARN] PackLoader:240 - Cannot read IP mode file for STMicroelectronics.X-CUBE-MEMS1.9.6.0
2023-11-01 16:30:54,609 [WARN] PackLoader:240 - Cannot read IP mode file for STMicroelectronics.X-CUBE-EEPRMA1.4.2.0
2023-11-01 16:30:54,631 [WARN] PackLoader:240 - Cannot read IP mode file for ITTIA_DB.I-CUBE-ITTIADB.8.8.0
2023-11-01 16:30:54,659 [WARN] PackLoader:240 - Cannot read IP mode file for STMicroelectronics.X-CUBE-BLEMGR.2.0.0
2023-11-01 16:30:54,706 [WARN] ConditionMgr:438 - getConditionDescription Invalid condition id : UX DEVICE CLASS RTOS Condition cause : null
2023-11-01 16:30:54,706 [WARN] ConditionMgr:438 - getConditionDescription Invalid condition id : UX DEVICE CLASS RTOS Condition cause : null
2023-11-01 16:30:54,712 [WARN] PackLoader:240 - Cannot read IP mode file for STMicroelectronics.X-CUBE-AZRTOS-H7.3.1.0
2023-11-01 16:30:54,714 [WARN] ConditionMgr:1039 - genDependencies : Invalid condition id : UX DEVICE CLASS RTOS Condition cause : null
2023-11-01 16:30:54,714 [WARN] ConditionMgr:1039 - genDependencies : Invalid condition id : UX DEVICE CLASS RTOS Condition cause : null
2023-11-01 16:30:54,716 [WARN] ConditionMgr:1039 - genDependencies : Invalid condition id : UX DEVICE CLASS RTOS Condition cause : null
2023-11-01 16:30:54,717 [WARN] ConditionMgr:1039 - genDependencies : Invalid condition id : UX DEVICE CLASS RTOS Condition cause : null
2023-11-01 16:30:54,717 [WARN] ConditionMgr:1039 - genDependencies : Invalid condition id : UX DEVICE CLASS RTOS Condition cause : null
2023-11-01 16:30:54,738 [WARN] PackLoader:240 - Cannot read IP mode file for STMicroelectronics.X-CUBE-NFC7.1.0.1
2023-11-01 16:30:54,764 [WARN] PackLoader:240 - Cannot read IP mode file for STMicroelectronics.X-CUBE-NFC6.3.0.0
2023-11-01 16:30:54,785 [WARN] PackLoader:240 - Cannot read IP mode file for STMicroelectronics.X-CUBE-EEPRMA1.4.1.0
2023-11-01 16:30:54,807 [WARN] PackLoader:240 - Cannot read IP mode file for STMicroelectronics.X-CUBE-AI.8.1.0
2023-11-01 16:30:54,867 [WARN] ConditionMgr:438 - getConditionDescription Invalid condition id : LAN8742 Phy interface Condition cause : null
2023-11-01 16:30:54,868 [WARN] PackLoader:240 - Cannot read IP mode file for STMicroelectronics.X-CUBE-AZRTOS-L4.2.0.0
2023-11-01 16:30:54,871 [WARN] ConditionMgr:1039 - genDependencies : Invalid condition id : LAN8742 Phy interface Condition cause : null
2023-11-01 16:30:54,872 [WARN] ConditionMgr:1039 - genDependencies : Invalid condition id : LAN8742 Phy interface Condition cause : null
2023-11-01 16:30:54,874 [WARN] ConditionMgr:1039 - genDependencies : Invalid condition id : LAN8742 Phy interface Condition cause : null
2023-11-01 16:30:54,906 [WARN] PackLoader:240 - Cannot read IP mode file for STMicroelectronics.X-CUBE-SFXS2LP1.4.0.0
2023-11-01 16:30:54,933 [WARN] PackLoader:240 - Cannot read IP mode file for STMicroelectronics.X-CUBE-ISPU.1.1.0
2023-11-01 16:30:54,984 [WARN] ConditionMgr:438 - getConditionDescription Invalid condition id : UX DEVICE CLASS RTOS Condition cause : null
2023-11-01 16:30:54,985 [WARN] ConditionMgr:438 - getConditionDescription Invalid condition id : UX DEVICE CLASS RTOS Condition cause : null
2023-11-01 16:30:54,989 [WARN] PackLoader:240 - Cannot read IP mode file for STMicroelectronics.X-CUBE-AZRTOS-WB.2.0.0
2023-11-01 16:30:54,991 [WARN] ConditionMgr:1039 - genDependencies : Invalid condition id : UX DEVICE CLASS RTOS Condition cause : null
2023-11-01 16:30:54,991 [WARN] ConditionMgr:1039 - genDependencies : Invalid condition id : UX DEVICE CLASS RTOS Condition cause : null
2023-11-01 16:30:54,992 [WARN] ConditionMgr:1039 - genDependencies : Invalid condition id : UX DEVICE CLASS RTOS Condition cause : null
2023-11-01 16:30:54,993 [WARN] ConditionMgr:1039 - genDependencies : Invalid condition id : UX DEVICE CLASS RTOS Condition cause : null
2023-11-01 16:30:54,993 [WARN] ConditionMgr:1039 - genDependencies : Invalid condition id : UX DEVICE CLASS RTOS Condition cause : null
2023-11-01 16:30:55,034 [WARN] PackLoader:240 - Cannot read IP mode file for STMicroelectronics.X-CUBE-SUBG2.5.0.0
2023-11-01 16:30:55,076 [WARN] PackLoader:240 - Cannot read IP mode file for STMicroelectronics.X-CUBE-TOF1.3.3.1
2023-11-01 16:30:55,159 [WARN] PackLoader:240 - Cannot read IP mode file for STMicroelectronics.X-CUBE-AZRTOS-G4.2.0.0
2023-11-01 16:30:55,219 [WARN] PackLoader:240 - Cannot read IP mode file for Infineon.AIROC-Wi-Fi-Bluetooth-STM32.1.5.1
2023-11-01 16:30:55,383 [WARN] PackLoader:240 - Cannot read IP mode file for STMicroelectronics.X-CUBE-MEMS1.10.0.0
2023-11-01 16:30:55,657 [WARN] PackLoader:240 - Cannot read IP mode file for STMicroelectronics.X-CUBE-FREERTOS.1.1.0
2023-11-01 16:30:55,677 [WARN] PackLoader:240 - Cannot read IP mode file for portGmbH.I-Cube-SoM-uGOAL.1.1.0
2023-11-01 16:30:55,699 [WARN] PackLoader:240 - Cannot read IP mode file for STMicroelectronics.X-CUBE-ALS.1.0.1
2023-11-01 16:30:55,721 [WARN] PackLoader:240 - Cannot read IP mode file for STMicroelectronics.FP-ATR-ASTRA1.2.0.0
2023-11-01 16:30:55,723 [INFO] ThirdParty:978 - Integrity check success = true
2023-11-01 16:30:55,723 [INFO] IntegrityCheckThread:100 - exiting critical section [integrity check]
2023-11-01 16:30:55,723 [INFO] IntegrityCheckThread:103 - End integrity checks thread
2023-11-01 21:58:42,582 [INFO] Activator:176 - 


2023-11-01 21:58:42,586 [INFO] Activator:177 - !SESSION log4j initialized
2023-11-01 21:58:53,125 [INFO] LogOutputStream:77 - [STDOUT_REDIRECT] 
2023-11-01 21:58:54,803 [INFO] ApplicationProperties:184 - Using Application install path: C:\ST\STM32CubeIDE_1.13.2\STM32CubeIDE\plugins\com.st.stm32cube.common.mx_6.9.2.202309101412
2023-11-01 21:58:54,833 [INFO] DbMcusXml:78 - Set database path to: C:\ST\STM32CubeIDE_1.13.2\STM32CubeIDE\plugins\com.st.stm32cube.common.mx_6.9.2.202309101412\\db\/mcu/
2023-11-01 21:58:54,833 [INFO] ApiDb:274 - Set plugin database path to: C:\ST\STM32CubeIDE_1.13.2\STM32CubeIDE\plugins\com.st.stm32cube.common.mx_6.9.2.202309101412\\db\/plugins/boardmanager/
2023-11-01 21:58:54,834 [WARN] ApiDb:259 - Overriding images path with different value:  => C:\ST\STM32CubeIDE_1.13.2\STM32CubeIDE\plugins\com.st.stm32cube.common.mx_6.9.2.202309101412\\db\/plugins/mcufinder/images/
2023-11-01 21:58:54,854 [INFO] ApiDb:250 - Set database path to: C:\Users\JMS\.stmcufinder\plugins\mcufinder//mcu/
2023-11-01 21:58:54,856 [INFO] DbMcusAds:125 - Set database path to: C:\Users\JMS\.stmcufinder\plugins\mcufinder//mcu/
2023-11-01 21:58:54,859 [INFO] CrossReferenceDbSqlite:203 - Set database path to: C:\Users\JMS\.stmcufinder\plugins\mcufinder//mcu/cs/
2023-11-01 21:58:55,076 [INFO] RulesReader:64 - Compatibility file has been processed (293 Rules)
2023-11-01 21:58:55,207 [INFO] DbMcusXml:78 - Set database path to: C:\ST\STM32CubeIDE_1.13.2\STM32CubeIDE\plugins\com.st.stm32cube.common.mx_6.9.2.202309101412\\db\/mcu/
2023-11-01 21:58:55,207 [INFO] ApiDb:274 - Set plugin database path to: C:\ST\STM32CubeIDE_1.13.2\STM32CubeIDE\plugins\com.st.stm32cube.common.mx_6.9.2.202309101412\\db\/plugins/boardmanager/
2023-11-01 21:58:55,208 [INFO] ApiDb:261 - Set plugin images path to: C:\ST\STM32CubeIDE_1.13.2\STM32CubeIDE\plugins\com.st.stm32cube.common.mx_6.9.2.202309101412\\db\/plugins/mcufinder/images/
2023-11-01 21:58:55,208 [WARN] DbFile:41 - Overriding database path with different value: C:\Users\JMS\.stmcufinder\plugins\mcufinder/ => C:\Users\JMS\.stmcufinder\plugins\mcufinder
2023-11-01 21:58:55,208 [INFO] ApiDb:250 - Set database path to: C:\Users\JMS\.stmcufinder\plugins\mcufinder//mcu/
2023-11-01 21:58:55,208 [WARN] DbFile:41 - Overriding database path with different value: C:\Users\JMS\.stmcufinder\plugins\mcufinder/ => C:\Users\JMS\.stmcufinder\plugins\mcufinder
2023-11-01 21:58:55,209 [INFO] DbMcusAds:125 - Set database path to: C:\Users\JMS\.stmcufinder\plugins\mcufinder//mcu/
2023-11-01 21:58:55,209 [WARN] DbFile:41 - Overriding database path with different value: C:\Users\JMS\.stmcufinder\plugins\mcufinder/ => C:\Users\JMS\.stmcufinder\plugins\mcufinder
2023-11-01 21:58:55,209 [WARN] DbFile:41 - Overriding database path with different value: C:\Users\JMS\.stmcufinder\plugins\mcufinder/ => C:\Users\JMS\.stmcufinder\plugins\mcufinder
2023-11-01 21:58:55,209 [INFO] CrossReferenceDbSqlite:203 - Set database path to: C:\Users\JMS\.stmcufinder\plugins\mcufinder//mcu/cs/
2023-11-01 21:58:55,332 [INFO] MainPanel:262 - HeapMemory: 268435456
2023-11-01 21:58:55,472 [INFO] DbMcusXml:78 - Set database path to: C:\ST\STM32CubeIDE_1.13.2\STM32CubeIDE\plugins\com.st.stm32cube.common.mx_6.9.2.202309101412\\db\/mcu/
2023-11-01 21:58:55,472 [INFO] ApiDb:274 - Set plugin database path to: C:\ST\STM32CubeIDE_1.13.2\STM32CubeIDE\plugins\com.st.stm32cube.common.mx_6.9.2.202309101412\\db\/plugins/boardmanager/
2023-11-01 21:58:55,472 [INFO] ApiDb:261 - Set plugin images path to: C:\ST\STM32CubeIDE_1.13.2\STM32CubeIDE\plugins\com.st.stm32cube.common.mx_6.9.2.202309101412\\db\/plugins/mcufinder/images/
2023-11-01 21:58:55,473 [WARN] DbFile:41 - Overriding database path with different value: C:\Users\JMS\.stmcufinder\plugins\mcufinder/ => C:\Users\JMS\.stmcufinder\plugins\mcufinder
2023-11-01 21:58:55,473 [INFO] ApiDb:250 - Set database path to: C:\Users\JMS\.stmcufinder\plugins\mcufinder//mcu/
2023-11-01 21:58:55,474 [WARN] DbFile:41 - Overriding database path with different value: C:\Users\JMS\.stmcufinder\plugins\mcufinder/ => C:\Users\JMS\.stmcufinder\plugins\mcufinder
2023-11-01 21:58:55,474 [INFO] DbMcusAds:125 - Set database path to: C:\Users\JMS\.stmcufinder\plugins\mcufinder//mcu/
2023-11-01 21:58:55,474 [WARN] DbFile:41 - Overriding database path with different value: C:\Users\JMS\.stmcufinder\plugins\mcufinder/ => C:\Users\JMS\.stmcufinder\plugins\mcufinder
2023-11-01 21:58:55,474 [WARN] DbFile:41 - Overriding database path with different value: C:\Users\JMS\.stmcufinder\plugins\mcufinder/ => C:\Users\JMS\.stmcufinder\plugins\mcufinder
2023-11-01 21:58:55,474 [INFO] CrossReferenceDbSqlite:203 - Set database path to: C:\Users\JMS\.stmcufinder\plugins\mcufinder//mcu/cs/
2023-11-01 21:58:55,503 [INFO] ApplicationProperties:184 - Using Application install path: C:\ST\STM32CubeIDE_1.13.2\STM32CubeIDE\plugins\com.st.stm32cube.common.mx_6.9.2.202309101412
2023-11-01 21:58:55,505 [INFO] PluginManage:196 - Search for loadable plugins [exclusion list=, ]
2023-11-01 21:58:55,507 [INFO] PluginManage:310 - Check plugin analytics
2023-11-01 21:58:55,786 [INFO] AnalyticsPlugin:253 - Accepted Software Licenses: 
2023-11-01 21:58:55,787 [INFO] AnalyticsPlugin:255 - Accepted CMSIS Pack Licenses: 
2023-11-01 21:58:55,787 [INFO] AnalyticsPlugin:257 - Accepted Firmware Licenses: FW.F4.1.27.0
2023-11-01 21:58:55,792 [INFO] PluginManage:359 - Loaded plugin analytics (category:tool,tabindex:-1)
2023-11-01 21:58:55,793 [INFO] PluginManage:310 - Check plugin cadmodel
2023-11-01 21:58:55,812 [INFO] CADModel:105 - Init CAD model plugin
2023-11-01 21:58:55,813 [INFO] PluginManage:359 - Loaded plugin cadmodel (category:power,tabindex:5)
2023-11-01 21:58:55,813 [INFO] PluginManage:310 - Check plugin clock
2023-11-01 21:58:55,842 [INFO] PluginManage:359 - Loaded plugin clock (category:base,tabindex:2)
2023-11-01 21:58:55,842 [INFO] PluginManage:310 - Check plugin ddr
2023-11-01 21:58:55,846 [INFO] PluginManage:359 - Loaded plugin ddr (category:tool,tabindex:6)
2023-11-01 21:58:55,846 [INFO] PluginManage:310 - Check plugin filemanager
2023-11-01 21:58:56,067 [INFO] PluginManage:359 - Loaded plugin filemanager (category:base,tabindex:10)
2023-11-01 21:58:56,067 [INFO] PluginManage:310 - Check plugin ipmanager
2023-11-01 21:58:56,077 [INFO] PluginManage:359 - Loaded plugin ipmanager (category:base,tabindex:5)
2023-11-01 21:58:56,077 [INFO] PluginManage:310 - Check plugin lpbam
2023-11-01 21:58:56,103 [INFO] PluginManage:359 - Loaded plugin lpbam (category:base,tabindex:0)
2023-11-01 21:58:56,104 [INFO] PluginManage:310 - Check plugin memorymap
2023-11-01 21:58:56,141 [INFO] PluginManage:359 - Loaded plugin memorymap (category:base,tabindex:4)
2023-11-01 21:58:56,141 [INFO] PluginManage:310 - Check plugin pinoutandconfiguration
2023-11-01 21:58:56,172 [INFO] PluginManage:359 - Loaded plugin pinoutandconfiguration (category:base,tabindex:1)
2023-11-01 21:58:56,172 [INFO] PluginManage:310 - Check plugin pinoutconfig
2023-11-01 21:58:56,340 [WARN] SupportedApi:132 - Cannot load RTOS API schema: s4s-elt-must-match.1: The content of 'definitions' must match (annotation?, (simpleType | complexType)?, (unique | key | keyref)*)). A problem was found starting at: attribute.
2023-11-01 21:58:56,552 [INFO] PluginManage:359 - Loaded plugin pinoutconfig (category:base,tabindex:0)
2023-11-01 21:58:56,552 [INFO] PluginManage:310 - Check plugin power
2023-11-01 21:58:56,585 [INFO] PluginManage:359 - Loaded plugin power (category:power,tabindex:4)
2023-11-01 21:58:56,585 [INFO] PluginManage:310 - Check plugin projectmanager
2023-11-01 21:58:56,608 [INFO] PluginManage:359 - Loaded plugin projectmanager (category:projectmanager,tabindex:3)
2023-11-01 21:58:56,608 [INFO] PluginManage:310 - Check plugin thirdparty
2023-11-01 21:58:57,045 [INFO] PluginManage:359 - Loaded plugin thirdparty (category:base,tabindex:-1)
2023-11-01 21:58:57,044 [WARN] IntegrityCheckThread:84 - waiting for thirdparty lock release [integrity check]
2023-11-01 21:58:57,045 [INFO] PluginManage:310 - Check plugin tools
2023-11-01 21:58:57,045 [INFO] IntegrityCheckThread:86 - entering critical section [integrity check]
2023-11-01 21:58:57,046 [INFO] ThirdPartyUpdaterWithRetryManager:70 - Updater plugin not ready yet. [1/15]
2023-11-01 21:58:57,097 [INFO] PluginManage:359 - Loaded plugin tools (category:base,tabindex:7)
2023-11-01 21:58:57,097 [INFO] PluginManage:310 - Check plugin tutovideos
2023-11-01 21:58:57,407 [INFO] PluginManage:359 - Loaded plugin tutovideos (category:base,tabindex:-1)
2023-11-01 21:58:57,407 [INFO] PluginManage:310 - Check plugin updater
2023-11-01 21:58:57,424 [INFO] PluginManage:359 - Loaded plugin updater (category:base,tabindex:12)
2023-11-01 21:58:57,424 [INFO] PluginManage:310 - Check plugin userauth
2023-11-01 21:58:57,432 [INFO] UserAuth:113 - Init User Auth plugin
2023-11-01 21:58:57,433 [INFO] PluginManage:359 - Loaded plugin userauth (category:base,tabindex:14)
2023-11-01 21:58:57,433 [INFO] PluginManage:283 - PluginManage : Loaded plugins [17]
2023-11-01 21:58:57,777 [INFO] PinOutPanel:1499 - setPackage(No Configuration,No Configuration)
2023-11-01 21:58:57,935 [INFO] CADModel:165 - CPN selected for project level
2023-11-01 21:58:57,936 [INFO] CADModel:114 - Register for checkConnection events
2023-11-01 21:58:57,972 [INFO] IPUIPlugin:80 - create IPUIPlugin
2023-11-01 21:58:57,972 [INFO] PluginManager:220 - loadIPPluginJar : add adc
2023-11-01 21:58:58,023 [INFO] IPUIPlugin:80 - create IPUIPlugin
2023-11-01 21:58:58,024 [INFO] PluginManager:220 - loadIPPluginJar : add aes
2023-11-01 21:58:58,083 [INFO] IPUIPlugin:80 - create IPUIPlugin
2023-11-01 21:58:58,083 [INFO] PluginManager:220 - loadIPPluginJar : add can
2023-11-01 21:58:58,117 [INFO] IPUIPlugin:80 - create IPUIPlugin
2023-11-01 21:58:58,117 [INFO] PluginManager:220 - loadIPPluginJar : add comp
2023-11-01 21:58:58,166 [INFO] IPUIPlugin:80 - create IPUIPlugin
2023-11-01 21:58:58,166 [INFO] PluginManager:220 - loadIPPluginJar : add cryp
2023-11-01 21:58:58,209 [INFO] IPUIPlugin:80 - create IPUIPlugin
2023-11-01 21:58:58,209 [INFO] PluginManager:220 - loadIPPluginJar : add dfsdm
2023-11-01 21:58:58,230 [INFO] IPUIPlugin:80 - create IPUIPlugin
2023-11-01 21:58:58,230 [INFO] PluginManager:220 - loadIPPluginJar : add dma
2023-11-01 21:58:58,296 [INFO] IPUIPlugin:80 - create IPUIPlugin
2023-11-01 21:58:58,296 [INFO] PluginManager:220 - loadIPPluginJar : add dma3
2023-11-01 21:58:58,329 [INFO] IPUIPlugin:80 - create IPUIPlugin
2023-11-01 21:58:58,329 [INFO] PluginManager:220 - loadIPPluginJar : add fatfs
2023-11-01 21:58:58,399 [INFO] IPUIPlugin:80 - create IPUIPlugin
2023-11-01 21:58:58,399 [INFO] PluginManager:220 - loadIPPluginJar : add fmc
2023-11-01 21:58:58,425 [INFO] IPUIPlugin:80 - create IPUIPlugin
2023-11-01 21:58:58,426 [INFO] PluginManager:220 - loadIPPluginJar : add freertos
2023-11-01 21:58:58,454 [INFO] IPUIPlugin:80 - create IPUIPlugin
2023-11-01 21:58:58,455 [INFO] PluginManager:220 - loadIPPluginJar : add genericplugin
2023-11-01 21:58:58,587 [INFO] IPUIPlugin:80 - create IPUIPlugin
2023-11-01 21:58:58,587 [INFO] PluginManager:220 - loadIPPluginJar : add gfxmmu
2023-11-01 21:58:58,786 [INFO] IPUIPlugin:80 - create IPUIPlugin
2023-11-01 21:58:58,787 [INFO] PluginManager:220 - loadIPPluginJar : add gic
2023-11-01 21:58:58,810 [INFO] IPUIPlugin:80 - create IPUIPlugin
2023-11-01 21:58:58,810 [INFO] PluginManager:220 - loadIPPluginJar : add gpio
2023-11-01 21:58:58,954 [INFO] IPUIPlugin:80 - create IPUIPlugin
2023-11-01 21:58:58,954 [INFO] PluginManager:220 - loadIPPluginJar : add gtzc
2023-11-01 21:58:59,008 [INFO] IPUIPlugin:80 - create IPUIPlugin
2023-11-01 21:58:59,008 [INFO] PluginManager:220 - loadIPPluginJar : add hash
2023-11-01 21:58:59,084 [INFO] IPUIPlugin:80 - create IPUIPlugin
2023-11-01 21:58:59,084 [INFO] PluginManager:220 - loadIPPluginJar : add i2c
2023-11-01 21:58:59,141 [INFO] IPUIPlugin:80 - create IPUIPlugin
2023-11-01 21:58:59,141 [INFO] PluginManager:220 - loadIPPluginJar : add i2s
2023-11-01 21:58:59,201 [INFO] IPUIPlugin:80 - create IPUIPlugin
2023-11-01 21:58:59,202 [INFO] PluginManager:220 - loadIPPluginJar : add i3c
2023-11-01 21:58:59,371 [INFO] IPUIPlugin:80 - create IPUIPlugin
2023-11-01 21:58:59,372 [INFO] PluginManager:220 - loadIPPluginJar : add ipddr
2023-11-01 21:58:59,509 [INFO] IPUIPlugin:80 - create IPUIPlugin
2023-11-01 21:58:59,510 [INFO] PluginManager:220 - loadIPPluginJar : add linkedlist
2023-11-01 21:58:59,560 [INFO] IPUIPlugin:80 - create IPUIPlugin
2023-11-01 21:58:59,560 [INFO] PluginManager:220 - loadIPPluginJar : add lorawan
2023-11-01 21:58:59,616 [INFO] IPUIPlugin:80 - create IPUIPlugin
2023-11-01 21:58:59,617 [INFO] PluginManager:220 - loadIPPluginJar : add ltdc
2023-11-01 21:58:59,639 [INFO] IPUIPlugin:80 - create IPUIPlugin
2023-11-01 21:58:59,640 [INFO] PluginManager:220 - loadIPPluginJar : add mdma
2023-11-01 21:58:59,657 [INFO] IPUIPlugin:80 - create IPUIPlugin
2023-11-01 21:58:59,658 [INFO] PluginManager:220 - loadIPPluginJar : add nvic
2023-11-01 21:58:59,713 [INFO] IPUIPlugin:80 - create IPUIPlugin
2023-11-01 21:58:59,714 [INFO] PluginManager:220 - loadIPPluginJar : add opamp
2023-11-01 21:58:59,803 [INFO] IPUIPlugin:80 - create IPUIPlugin
2023-11-01 21:58:59,804 [INFO] PluginManager:220 - loadIPPluginJar : add openamp
2023-11-01 21:58:59,870 [INFO] IPUIPlugin:80 - create IPUIPlugin
2023-11-01 21:58:59,871 [INFO] PluginManager:220 - loadIPPluginJar : add pdm2pcm
2023-11-01 21:58:59,891 [INFO] IPUIPlugin:80 - create IPUIPlugin
2023-11-01 21:58:59,894 [INFO] PluginManager:220 - loadIPPluginJar : add plateformsettings
2023-11-01 21:58:59,927 [INFO] IPUIPlugin:80 - create IPUIPlugin
2023-11-01 21:58:59,928 [INFO] PluginManager:220 - loadIPPluginJar : add quadspi
2023-11-01 21:58:59,946 [INFO] IPUIPlugin:80 - create IPUIPlugin
2023-11-01 21:58:59,946 [INFO] PluginManager:220 - loadIPPluginJar : add resmgrutility
2023-11-01 21:59:00,025 [INFO] IPUIPlugin:80 - create IPUIPlugin
2023-11-01 21:59:00,026 [INFO] PluginManager:220 - loadIPPluginJar : add sai
2023-11-01 21:59:00,049 [INFO] ThirdPartyUpdaterWithRetryManager:70 - Updater plugin not ready yet. [2/15]
2023-11-01 21:59:00,079 [INFO] IPUIPlugin:80 - create IPUIPlugin
2023-11-01 21:59:00,080 [INFO] PluginManager:220 - loadIPPluginJar : add spi
2023-11-01 21:59:00,170 [INFO] IPUIPlugin:80 - create IPUIPlugin
2023-11-01 21:59:00,170 [INFO] PluginManager:220 - loadIPPluginJar : add stm32_wpan
2023-11-01 21:59:00,207 [INFO] IPUIPlugin:80 - create IPUIPlugin
2023-11-01 21:59:00,207 [INFO] PluginManager:220 - loadIPPluginJar : add tim
2023-11-01 21:59:00,292 [INFO] IPUIPlugin:80 - create IPUIPlugin
2023-11-01 21:59:00,292 [INFO] PluginManager:220 - loadIPPluginJar : add touchsensing
2023-11-01 21:59:00,342 [INFO] IPUIPlugin:80 - create IPUIPlugin
2023-11-01 21:59:00,342 [INFO] PluginManager:220 - loadIPPluginJar : add tracer_emb
2023-11-01 21:59:00,384 [INFO] IPUIPlugin:80 - create IPUIPlugin
2023-11-01 21:59:00,385 [INFO] PluginManager:220 - loadIPPluginJar : add ts
2023-11-01 21:59:00,423 [INFO] IPUIPlugin:80 - create IPUIPlugin
2023-11-01 21:59:00,424 [INFO] PluginManager:220 - loadIPPluginJar : add tsc
2023-11-01 21:59:00,460 [INFO] IPUIPlugin:80 - create IPUIPlugin
2023-11-01 21:59:00,461 [INFO] PluginManager:220 - loadIPPluginJar : add ucpd
2023-11-01 21:59:00,535 [INFO] IPUIPlugin:80 - create IPUIPlugin
2023-11-01 21:59:00,535 [INFO] PluginManager:220 - loadIPPluginJar : add usart
2023-11-01 21:59:00,610 [INFO] IPUIPlugin:80 - create IPUIPlugin
2023-11-01 21:59:00,610 [INFO] PluginManager:220 - loadIPPluginJar : add usbx
2023-11-01 21:59:00,780 [INFO] CADModel:165 - CPN selected for project level
2023-11-01 21:59:00,780 [INFO] CADModel:114 - Register for checkConnection events
2023-11-01 21:59:00,780 [FATAL] Updater:308 - Updater called before beeing initialized
2023-11-01 21:59:00,781 [ERROR] CADModel:125 - Updater not yet initialized, retry later 
2023-11-01 21:59:01,026 [INFO] CADModel:165 - CPN selected for project level
2023-11-01 21:59:01,027 [INFO] CADModel:114 - Register for checkConnection events
2023-11-01 21:59:01,027 [FATAL] Updater:308 - Updater called before beeing initialized
2023-11-01 21:59:01,027 [ERROR] CADModel:125 - Updater not yet initialized, retry later 
2023-11-01 21:59:01,032 [FATAL] Updater:308 - Updater called before beeing initialized
2023-11-01 21:59:01,300 [FATAL] Updater:308 - Updater called before beeing initialized
2023-11-01 21:59:01,318 [INFO] DbMcusAds:53 - JSON generation date=Tue Mar 07 14:20:55 IST 2023 (1678179055114)
2023-11-01 21:59:01,318 [FATAL] Updater:308 - Updater called before beeing initialized
2023-11-01 21:59:01,442 [WARN] DetailPanel:346 - Failed to get advertising image, set to default
2023-11-01 21:59:01,619 [FATAL] Updater:308 - Updater called before beeing initialized
2023-11-01 21:59:01,622 [FATAL] Updater:308 - Updater called before beeing initialized
2023-11-01 21:59:01,622 [FATAL] Updater:308 - Updater called before beeing initialized
2023-11-01 21:59:01,622 [WARN] DetailPanel:346 - Failed to get advertising image, set to default
2023-11-01 21:59:01,624 [FATAL] Updater:308 - Updater called before beeing initialized
2023-11-01 21:59:01,741 [ERROR] Updater:1120 - MainUpdater not yet initialized. External WinMGr cannot be set.
2023-11-01 21:59:01,756 [INFO] Updater:1056 - Updater Version found : 6.9.2
2023-11-01 21:59:01,786 [INFO] ApplicationProperties:184 - Using Application install path: C:\ST\STM32CubeIDE_1.13.2\STM32CubeIDE\plugins\com.st.stm32cube.common.mx_6.9.2.202309101412
2023-11-01 21:59:02,506 [INFO] MainUpdater:2868 - connection check result : 10
2023-11-01 21:59:02,508 [INFO] MainUpdater:285 - Updater Check For Update Now.
2023-11-01 21:59:02,508 [INFO] MicroXplorer:498 - Change Database Version : DB.6.0.92
2023-11-01 21:59:02,536 [INFO] McuFinderGlobals:63 - Set McuFinder mode to 2 (CubeIDE integrated)
2023-11-01 21:59:02,783 [INFO] CheckServerUpdateThread:120 - End of CheckServer Thread
2023-11-01 21:59:03,354 [WARN] PackLoader:240 - Cannot read IP mode file for STMicroelectronics.X-CUBE-SMBUS.2.1.0
2023-11-01 21:59:03,440 [WARN] PackLoader:240 - Cannot read IP mode file for STMicroelectronics.X-CUBE-AZRTOS-F7.1.1.0
2023-11-01 21:59:03,479 [WARN] PackLoader:240 - Cannot read IP mode file for STMicroelectronics.FP-SNS-MOTENV1.4.3.2
2023-11-01 21:59:03,508 [WARN] PackLoader:240 - Cannot read IP mode file for STMicroelectronics.FP-SNS-FLIGHT1.5.0.2
2023-11-01 21:59:03,538 [WARN] PackLoader:240 - Cannot read IP mode file for STMicroelectronics.X-CUBE-DISPLAY.3.0.0
2023-11-01 21:59:03,574 [WARN] PackLoader:240 - Cannot read IP mode file for STMicroelectronics.X-CUBE-BLE1.7.0.0
2023-11-01 21:59:03,594 [WARN] PackLoader:240 - Cannot read IP mode file for emotas.I-CUBE-CANOPEN.1.3.0
2023-11-01 21:59:03,621 [WARN] PackLoader:240 - Cannot read IP mode file for STMicroelectronics.X-CUBE-TOUCHGFX.4.22.1
2023-11-01 21:59:03,642 [WARN] PackLoader:240 - Cannot read IP mode file for STMicroelectronics.FP-SNS-SMARTAG2.1.2.0
2023-11-01 21:59:03,680 [INFO] LogOutputStream:77 - [STDOUT_REDIRECT] 1 : Invalid condition id : UX_CORESTACK_Condition cause : null
2023-11-01 21:59:03,681 [INFO] LogOutputStream:77 - [STDOUT_REDIRECT] 1 : Invalid condition id : UX_CORESTACK_Condition cause : null
2023-11-01 21:59:03,683 [INFO] LogOutputStream:77 - [STDOUT_REDIRECT] 1 : Invalid condition id : UX_CORESTACK_Condition cause : null
2023-11-01 21:59:03,687 [INFO] LogOutputStream:77 - [STDOUT_REDIRECT] 1 : Invalid condition id : UX_CORESTACK_Condition cause : null
2023-11-01 21:59:03,690 [INFO] LogOutputStream:77 - [STDOUT_REDIRECT] 1 : Invalid condition id : UX_CORESTACK_Condition cause : null
2023-11-01 21:59:03,702 [WARN] PackLoader:240 - Cannot read IP mode file for STMicroelectronics.X-CUBE-AZRTOS-WL.2.0.0
2023-11-01 21:59:03,753 [WARN] PackLoader:240 - Cannot read IP mode file for WES.I-CUBE-Cesium.1.3.0
2023-11-01 21:59:03,781 [WARN] PackLoader:240 - Cannot read IP mode file for STMicroelectronics.X-CUBE-BLE2.3.3.0
2023-11-01 21:59:03,816 [WARN] PackLoader:240 - Cannot read IP mode file for STMicroelectronics.X-CUBE-ALGOBUILD.1.3.0
2023-11-01 21:59:03,890 [WARN] PackLoader:240 - Cannot read IP mode file for STMicroelectronics.X-CUBE-AZRTOS-G0.1.1.0
2023-11-01 21:59:03,931 [WARN] PackLoader:240 - Cannot read IP mode file for STMicroelectronics.X-CUBE-NFC4.3.0.0
2023-11-01 21:59:03,957 [WARN] PackLoader:240 - Cannot read IP mode file for STMicroelectronics.FP-ATR-SIGFOX1.3.2.0
2023-11-01 21:59:04,054 [WARN] PackLoader:240 - Cannot read IP mode file for SEGGER.I-CUBE-embOS.1.3.1
2023-11-01 21:59:04,191 [WARN] PackLoader:240 - Cannot read IP mode file for STMicroelectronics.X-CUBE-GNSS1.6.0.0
2023-11-01 21:59:04,258 [WARN] PackLoader:240 - Cannot read IP mode file for STMicroelectronics.X-CUBE-AZRTOS-F4.1.1.0
2023-11-01 21:59:04,286 [WARN] PackLoader:240 - Cannot read IP mode file for wolfSSL.I-CUBE-wolfSSL.5.6.3
2023-11-01 21:59:04,345 [WARN] PackLoader:240 - Cannot read IP mode file for STMicroelectronics.X-CUBE-AZRTOS-L5.2.0.0
2023-11-01 21:59:04,470 [WARN] PackLoader:240 - Cannot read IP mode file for STMicroelectronics.X-CUBE-MEMS1.9.6.0
2023-11-01 21:59:04,796 [WARN] PackLoader:240 - Cannot read IP mode file for STMicroelectronics.X-CUBE-EEPRMA1.4.2.0
2023-11-01 21:59:04,817 [WARN] PackLoader:240 - Cannot read IP mode file for ITTIA_DB.I-CUBE-ITTIADB.8.8.0
2023-11-01 21:59:04,844 [WARN] PackLoader:240 - Cannot read IP mode file for STMicroelectronics.X-CUBE-BLEMGR.2.0.0
2023-11-01 21:59:04,902 [WARN] ConditionMgr:438 - getConditionDescription Invalid condition id : UX DEVICE CLASS RTOS Condition cause : null
2023-11-01 21:59:04,903 [WARN] ConditionMgr:438 - getConditionDescription Invalid condition id : UX DEVICE CLASS RTOS Condition cause : null
2023-11-01 21:59:04,908 [WARN] PackLoader:240 - Cannot read IP mode file for STMicroelectronics.X-CUBE-AZRTOS-H7.3.1.0
2023-11-01 21:59:04,911 [WARN] ConditionMgr:1039 - genDependencies : Invalid condition id : UX DEVICE CLASS RTOS Condition cause : null
2023-11-01 21:59:04,911 [WARN] ConditionMgr:1039 - genDependencies : Invalid condition id : UX DEVICE CLASS RTOS Condition cause : null
2023-11-01 21:59:04,912 [WARN] ConditionMgr:1039 - genDependencies : Invalid condition id : UX DEVICE CLASS RTOS Condition cause : null
2023-11-01 21:59:04,913 [WARN] ConditionMgr:1039 - genDependencies : Invalid condition id : UX DEVICE CLASS RTOS Condition cause : null
2023-11-01 21:59:04,914 [WARN] ConditionMgr:1039 - genDependencies : Invalid condition id : UX DEVICE CLASS RTOS Condition cause : null
2023-11-01 21:59:04,936 [WARN] PackLoader:240 - Cannot read IP mode file for STMicroelectronics.X-CUBE-NFC7.1.0.1
2023-11-01 21:59:04,958 [WARN] PackLoader:240 - Cannot read IP mode file for STMicroelectronics.X-CUBE-NFC6.3.0.0
2023-11-01 21:59:04,982 [WARN] PackLoader:240 - Cannot read IP mode file for STMicroelectronics.X-CUBE-EEPRMA1.4.1.0
2023-11-01 21:59:05,009 [WARN] PackLoader:240 - Cannot read IP mode file for STMicroelectronics.X-CUBE-AI.8.1.0
2023-11-01 21:59:05,065 [WARN] ConditionMgr:438 - getConditionDescription Invalid condition id : LAN8742 Phy interface Condition cause : null
2023-11-01 21:59:05,066 [WARN] PackLoader:240 - Cannot read IP mode file for STMicroelectronics.X-CUBE-AZRTOS-L4.2.0.0
2023-11-01 21:59:05,069 [WARN] ConditionMgr:1039 - genDependencies : Invalid condition id : LAN8742 Phy interface Condition cause : null
2023-11-01 21:59:05,069 [WARN] ConditionMgr:1039 - genDependencies : Invalid condition id : LAN8742 Phy interface Condition cause : null
2023-11-01 21:59:05,071 [WARN] ConditionMgr:1039 - genDependencies : Invalid condition id : LAN8742 Phy interface Condition cause : null
2023-11-01 21:59:05,100 [WARN] PackLoader:240 - Cannot read IP mode file for STMicroelectronics.X-CUBE-SFXS2LP1.4.0.0
2023-11-01 21:59:05,126 [WARN] PackLoader:240 - Cannot read IP mode file for STMicroelectronics.X-CUBE-ISPU.1.1.0
2023-11-01 21:59:05,178 [WARN] ConditionMgr:438 - getConditionDescription Invalid condition id : UX DEVICE CLASS RTOS Condition cause : null
2023-11-01 21:59:05,179 [WARN] ConditionMgr:438 - getConditionDescription Invalid condition id : UX DEVICE CLASS RTOS Condition cause : null
2023-11-01 21:59:05,184 [WARN] PackLoader:240 - Cannot read IP mode file for STMicroelectronics.X-CUBE-AZRTOS-WB.2.0.0
2023-11-01 21:59:05,185 [WARN] ConditionMgr:1039 - genDependencies : Invalid condition id : UX DEVICE CLASS RTOS Condition cause : null
2023-11-01 21:59:05,185 [WARN] ConditionMgr:1039 - genDependencies : Invalid condition id : UX DEVICE CLASS RTOS Condition cause : null
2023-11-01 21:59:05,186 [WARN] ConditionMgr:1039 - genDependencies : Invalid condition id : UX DEVICE CLASS RTOS Condition cause : null
2023-11-01 21:59:05,187 [WARN] ConditionMgr:1039 - genDependencies : Invalid condition id : UX DEVICE CLASS RTOS Condition cause : null
2023-11-01 21:59:05,187 [WARN] ConditionMgr:1039 - genDependencies : Invalid condition id : UX DEVICE CLASS RTOS Condition cause : null
2023-11-01 21:59:05,222 [WARN] PackLoader:240 - Cannot read IP mode file for STMicroelectronics.X-CUBE-SUBG2.5.0.0
2023-11-01 21:59:05,266 [WARN] PackLoader:240 - Cannot read IP mode file for STMicroelectronics.X-CUBE-TOF1.3.3.1
2023-11-01 21:59:05,338 [WARN] PackLoader:240 - Cannot read IP mode file for STMicroelectronics.X-CUBE-AZRTOS-G4.2.0.0
2023-11-01 21:59:05,381 [WARN] PackLoader:240 - Cannot read IP mode file for Infineon.AIROC-Wi-Fi-Bluetooth-STM32.1.5.1
2023-11-01 21:59:05,481 [WARN] PackLoader:240 - Cannot read IP mode file for STMicroelectronics.X-CUBE-MEMS1.10.0.0
2023-11-01 21:59:05,743 [WARN] PackLoader:240 - Cannot read IP mode file for STMicroelectronics.X-CUBE-FREERTOS.1.1.0
2023-11-01 21:59:05,765 [WARN] PackLoader:240 - Cannot read IP mode file for portGmbH.I-Cube-SoM-uGOAL.1.1.0
2023-11-01 21:59:05,783 [WARN] PackLoader:240 - Cannot read IP mode file for STMicroelectronics.X-CUBE-ALS.1.0.1
2023-11-01 21:59:05,803 [WARN] PackLoader:240 - Cannot read IP mode file for STMicroelectronics.FP-ATR-ASTRA1.2.0.0
2023-11-01 21:59:05,805 [INFO] ThirdParty:978 - Integrity check success = true
2023-11-01 21:59:05,805 [INFO] IntegrityCheckThread:100 - exiting critical section [integrity check]
2023-11-01 21:59:05,805 [INFO] IntegrityCheckThread:103 - End integrity checks thread
